01/12/24 20:07:10 ******************************************************
01/12/24 20:07:10 ** condor_scheduniv_exec.13.0 (CONDOR_DAGMAN) STARTING UP
01/12/24 20:07:10 ** /usr/bin/condor_dagman
01/12/24 20:07:10 ** SubsystemInfo: name=DAGMAN type=DAGMAN(9) class=CLIENT(2)
01/12/24 20:07:10 ** Configuration: subsystem:DAGMAN local:<NONE> class:CLIENT
01/12/24 20:07:10 ** $CondorVersion: 23.3.0 2024-01-04 BuildID: 700476 PackageID: 23.3.0-1.1 $
01/12/24 20:07:10 ** $CondorPlatform: X86_64-Ubuntu_22.04 $
01/12/24 20:07:10 ** PID = 1641
01/12/24 20:07:10 ** Log last touched time unavailable (No such file or directory)
01/12/24 20:07:10 ******************************************************
01/12/24 20:07:10 Using config source: /etc/condor/condor_config
01/12/24 20:07:10 Using local config sources: 
01/12/24 20:07:10    /etc/condor/config.d/01-submit.config
01/12/24 20:07:10    /etc/condor/config.d/10-stash-plugin.conf
01/12/24 20:07:10    /etc/condor/condor_config.local
01/12/24 20:07:10 config Macros = 73, Sorted = 73, StringBytes = 2201, TablesBytes = 2684
01/12/24 20:07:10 CLASSAD_CACHING is ENABLED
01/12/24 20:07:10 Daemon Log is logging: D_ALWAYS D_ERROR D_STATUS
01/12/24 20:07:10 DaemonCore: No command port requested.
01/12/24 20:07:10 DAGMAN_USE_STRICT setting: 1
01/12/24 20:07:10 DAGMAN_VERBOSITY setting: 3
01/12/24 20:07:10 DAGMAN_DEBUG_CACHE_SIZE setting: 5242880
01/12/24 20:07:10 DAGMAN_DEBUG_CACHE_ENABLE setting: False
01/12/24 20:07:10 DAGMAN_SUBMIT_DELAY setting: 0
01/12/24 20:07:10 DAGMAN_MAX_SUBMIT_ATTEMPTS setting: 6
01/12/24 20:07:10 DAGMAN_STARTUP_CYCLE_DETECT setting: False
01/12/24 20:07:10 DAGMAN_MAX_SUBMITS_PER_INTERVAL setting: 100
01/12/24 20:07:10 DAGMAN_AGGRESSIVE_SUBMIT setting: False
01/12/24 20:07:10 DAGMAN_USER_LOG_SCAN_INTERVAL setting: 5
01/12/24 20:07:10 DAGMAN_QUEUE_UPDATE_INTERVAL setting: 300
01/12/24 20:07:10 DAGMAN_DEFAULT_PRIORITY setting: 0
01/12/24 20:07:10 DAGMAN_SUPPRESS_NOTIFICATION setting: True
01/12/24 20:07:10 allow_events (DAGMAN_ALLOW_EVENTS) setting: 114
01/12/24 20:07:10 DAGMAN_RETRY_SUBMIT_FIRST setting: True
01/12/24 20:07:10 DAGMAN_RETRY_NODE_FIRST setting: False
01/12/24 20:07:10 DAGMAN_MAX_JOBS_IDLE setting: 1000
01/12/24 20:07:10 DAGMAN_MAX_JOBS_SUBMITTED setting: 0
01/12/24 20:07:10 DAGMAN_MAX_PRE_SCRIPTS setting: 20
01/12/24 20:07:10 DAGMAN_MAX_POST_SCRIPTS setting: 20
01/12/24 20:07:10 DAGMAN_MAX_HOLD_SCRIPTS setting: 20
01/12/24 20:07:10 DAGMAN_MUNGE_NODE_NAMES setting: True
01/12/24 20:07:10 DAGMAN_PROHIBIT_MULTI_JOBS setting: False
01/12/24 20:07:10 DAGMAN_SUBMIT_DEPTH_FIRST setting: False
01/12/24 20:07:10 DAGMAN_ALWAYS_RUN_POST setting: False
01/12/24 20:07:10 DAGMAN_CONDOR_SUBMIT_EXE setting: /usr/bin/condor_submit
01/12/24 20:07:10 DAGMAN_USE_DIRECT_SUBMIT setting: True
01/12/24 20:07:10 DAGMAN_DEFAULT_APPEND_VARS setting: False
01/12/24 20:07:10 DAGMAN_ABORT_DUPLICATES setting: True
01/12/24 20:07:10 DAGMAN_ABORT_ON_SCARY_SUBMIT setting: True
01/12/24 20:07:10 DAGMAN_PENDING_REPORT_INTERVAL setting: 600
01/12/24 20:07:10 DAGMAN_AUTO_RESCUE setting: True
01/12/24 20:07:10 DAGMAN_MAX_RESCUE_NUM setting: 100
01/12/24 20:07:10 DAGMAN_WRITE_PARTIAL_RESCUE setting: True
01/12/24 20:07:10 DAGMAN_DEFAULT_NODE_LOG setting: @(DAG_DIR)/@(DAG_FILE).nodes.log
01/12/24 20:07:10 DAGMAN_GENERATE_SUBDAG_SUBMITS setting: True
01/12/24 20:07:10 DAGMAN_MAX_JOB_HOLDS setting: 100
01/12/24 20:07:10 DAGMAN_HOLD_CLAIM_TIME setting: 20
01/12/24 20:07:10 ALL_DEBUG setting: 
01/12/24 20:07:10 DAGMAN_DEBUG setting: 
01/12/24 20:07:10 DAGMAN_SUPPRESS_JOB_LOGS setting: False
01/12/24 20:07:10 DAGMAN_REMOVE_NODE_JOBS setting: True
01/12/24 20:07:10 DAGMAN will adjust edges after parsing
01/12/24 20:07:10 argv[0] == "condor_scheduniv_exec.13.0"
01/12/24 20:07:10 argv[1] == "-Lockfile"
01/12/24 20:07:10 argv[2] == "sentiment.dag.lock"
01/12/24 20:07:10 argv[3] == "-AutoRescue"
01/12/24 20:07:10 argv[4] == "1"
01/12/24 20:07:10 argv[5] == "-DoRescueFrom"
01/12/24 20:07:10 argv[6] == "0"
01/12/24 20:07:10 argv[7] == "-Dag"
01/12/24 20:07:10 argv[8] == "sentiment.dag"
01/12/24 20:07:10 argv[9] == "-Suppress_notification"
01/12/24 20:07:10 argv[10] == "-CsdVersion"
01/12/24 20:07:10 argv[11] == "$CondorVersion: 23.3.0 2024-01-04 BuildID: 700476 PackageID: 23.3.0-1.1 $"
01/12/24 20:07:10 argv[12] == "-Dagman"
01/12/24 20:07:10 argv[13] == "/usr/bin/condor_dagman"
01/12/24 20:07:10 Can't open directory "/etc/condor/passwords.d" as PRIV_ROOT, errno: 13 (Permission denied)
01/12/24 20:07:10 Can't open directory "/etc/condor/passwords.d" as PRIV_ROOT, errno: 13 (Permission denied)
01/12/24 20:07:10 Workflow batch-id: <13.0>
01/12/24 20:07:10 Workflow batch-name: <sentiment.dag+13>
01/12/24 20:07:10 Workflow accounting_group: <>
01/12/24 20:07:10 Workflow accounting_group_user: <>
01/12/24 20:07:10 Warning: failed to get attribute DAGNodeName
01/12/24 20:07:10 DAGMAN_LOG_ON_NFS_IS_ERROR setting: False
01/12/24 20:07:10 Default node log file is: </home/ubuntu/sentiment/./sentiment.dag.nodes.log>
01/12/24 20:07:10 DAG Lockfile will be written to sentiment.dag.lock
01/12/24 20:07:10 DAG Input file is sentiment.dag
01/12/24 20:07:10 Parsing 1 dagfiles
01/12/24 20:07:10 Parsing sentiment.dag ...
01/12/24 20:07:10 Adjusting edges
01/12/24 20:07:10 Dag contains 2 total jobs
01/12/24 20:07:10 Bootstrapping...
01/12/24 20:07:10 Number of pre-completed nodes: 0
01/12/24 20:07:10 MultiLogFiles: truncating log file /home/ubuntu/sentiment/./sentiment.dag.nodes.log
01/12/24 20:07:10 DAG status: 0 (DAG_STATUS_OK)
01/12/24 20:07:10 Of 2 nodes total:
01/12/24 20:07:10  Done     Pre   Queued    Post   Ready   Un-Ready   Failed   Futile
01/12/24 20:07:10   ===     ===      ===     ===     ===        ===      ===      ===
01/12/24 20:07:10     0       0        0       0       1          1        0        0
01/12/24 20:07:10 0 job proc(s) currently held
01/12/24 20:07:10 DAGMan Runtime Statistics: [ EventCycleTimeCount = 0.0; EventCycleTimeSum = 0.0; LogProcessCycleTimeCount = 0.0; LogProcessCycleTimeSum = 0.0; SleepCycleTimeCount = 0.0; SleepCycleTimeSum = 0.0; SubmitCycleTimeCount = 0.0; SubmitCycleTimeSum = 0.0; ]
01/12/24 20:07:10 Registering condor_event_timer...
01/12/24 20:07:11 Submitting HTCondor Node A job(s)...
01/12/24 20:07:11 Submitting node A from file data.sub using direct job submission
01/12/24 20:07:11 ERROR: on Line 18 of submit file: failed to create job classad
01/12/24 20:07:11 submit error: Submit:-1:Unbalanced quote starting here: 'm not a big fan of this movie.
The full arguments you specified were: "I'm not a big fan of this movie."
01/12/24 20:07:11 Job submit try 1/6 failed, will try again in >= 1 second.
01/12/24 20:07:11 DAG status: 0 (DAG_STATUS_OK)
01/12/24 20:07:11 Of 2 nodes total:
01/12/24 20:07:11  Done     Pre   Queued    Post   Ready   Un-Ready   Failed   Futile
01/12/24 20:07:11   ===     ===      ===     ===     ===        ===      ===      ===
01/12/24 20:07:11     0       0        0       0       1          1        0        0
01/12/24 20:07:11 0 job proc(s) currently held
01/12/24 20:07:11 DAGMan Runtime Statistics: [ EventCycleTimeCount = 0.0; EventCycleTimeSum = 0.0; LogProcessCycleTimeCount = 0.0; LogProcessCycleTimeSum = 0.0; SleepCycleTimeCount = 0.0; SleepCycleTimeSum = 0.0; SubmitCycleTimeAvg = 0.007046222686767578; SubmitCycleTimeCount = 1.0; SubmitCycleTimeMax = 0.007046222686767578; SubmitCycleTimeMin = 0.007046222686767578; SubmitCycleTimeStd = 0.007046222686767578; SubmitCycleTimeSum = 0.007046222686767578; ]
01/12/24 20:07:16 Submitting HTCondor Node A job(s)...
01/12/24 20:07:16 Submitting node A from file data.sub using direct job submission
01/12/24 20:07:16 ERROR: on Line 18 of submit file: failed to create job classad
01/12/24 20:07:16 submit error: Submit:-1:Unbalanced quote starting here: 'm not a big fan of this movie.
The full arguments you specified were: "I'm not a big fan of this movie."
01/12/24 20:07:16 Job submit try 2/6 failed, will try again in >= 2 seconds.
01/12/24 20:07:21 Submitting HTCondor Node A job(s)...
01/12/24 20:07:21 Submitting node A from file data.sub using direct job submission
01/12/24 20:07:21 ERROR: on Line 18 of submit file: failed to create job classad
01/12/24 20:07:21 submit error: Submit:-1:Unbalanced quote starting here: 'm not a big fan of this movie.
The full arguments you specified were: "I'm not a big fan of this movie."
01/12/24 20:07:21 Job submit try 3/6 failed, will try again in >= 4 seconds.
01/12/24 20:07:26 Submitting HTCondor Node A job(s)...
01/12/24 20:07:26 Submitting node A from file data.sub using direct job submission
01/12/24 20:07:26 ERROR: on Line 18 of submit file: failed to create job classad
01/12/24 20:07:26 submit error: Submit:-1:Unbalanced quote starting here: 'm not a big fan of this movie.
The full arguments you specified were: "I'm not a big fan of this movie."
01/12/24 20:07:26 Job submit try 4/6 failed, will try again in >= 8 seconds.
01/12/24 20:07:37 Submitting HTCondor Node A job(s)...
01/12/24 20:07:37 Submitting node A from file data.sub using direct job submission
01/12/24 20:07:37 ERROR: on Line 18 of submit file: failed to create job classad
01/12/24 20:07:37 submit error: Submit:-1:Unbalanced quote starting here: 'm not a big fan of this movie.
The full arguments you specified were: "I'm not a big fan of this movie."
01/12/24 20:07:37 Job submit try 5/6 failed, will try again in >= 16 seconds.
01/12/24 20:07:54 Submitting HTCondor Node A job(s)...
01/12/24 20:07:54 Submitting node A from file data.sub using direct job submission
01/12/24 20:07:54 ERROR: on Line 18 of submit file: failed to create job classad
01/12/24 20:07:54 submit error: Submit:-1:Unbalanced quote starting here: 'm not a big fan of this movie.
The full arguments you specified were: "I'm not a big fan of this movie."
01/12/24 20:07:54 Job submit failed after 6 tries.
01/12/24 20:07:54 Shortcutting node A retries because of submit failure(s)
01/12/24 20:07:54 DAG status: 2 (DAG_STATUS_NODE_FAILED)
01/12/24 20:07:54 Of 2 nodes total:
01/12/24 20:07:54  Done     Pre   Queued    Post   Ready   Un-Ready   Failed   Futile
01/12/24 20:07:54   ===     ===      ===     ===     ===        ===      ===      ===
01/12/24 20:07:54     0       0        0       0       0          0        1        1
01/12/24 20:07:54 0 job proc(s) currently held
01/12/24 20:07:54 DAGMan Runtime Statistics: [ EventCycleTimeAvg = 0.3792656362056732; EventCycleTimeCount = 8.0; EventCycleTimeMax = 1.001211166381836; EventCycleTimeMin = 0.004208087921142578; EventCycleTimeStd = 0.514719730720743; EventCycleTimeSum = 3.034125089645386; LogProcessCycleTimeCount = 0.0; LogProcessCycleTimeSum = 0.0; SleepCycleTimeAvg = 5.005147606134415; SleepCycleTimeCount = 8.0; SleepCycleTimeMax = 5.005251884460449; SleepCycleTimeMin = 5.005122900009155; SleepCycleTimeStd = 4.328575437153817E-05; SleepCycleTimeSum = 40.04118084907532; SubmitCycleTimeAvg = 0.337552997801039; SubmitCycleTimeCount = 9.0; SubmitCycleTimeMax = 1.001188993453979; SubmitCycleTimeMin = 0.004101037979125977; SubmitCycleTimeStd = 0.4974564489063233; SubmitCycleTimeSum = 3.037976980209351; ]
01/12/24 20:07:54 ERROR: the following job(s) failed:
01/12/24 20:07:54 ---------------------- Job ----------------------
01/12/24 20:07:54       Node Name: A
01/12/24 20:07:54            Noop: false
01/12/24 20:07:54          NodeID: 0
01/12/24 20:07:54     Node Status: STATUS_ERROR    
01/12/24 20:07:54 Node return val: -1
01/12/24 20:07:54           Error: Job submit failed
01/12/24 20:07:54 Job Submit File: data.sub
01/12/24 20:07:54  HTCondor Job ID: [not yet submitted]
01/12/24 20:07:54 PARENTS:  WAITING: 0 CHILDREN: B
01/12/24 20:07:54 ---------------------------------------	<END>
01/12/24 20:07:54 Aborting DAG...
01/12/24 20:07:54 Writing Rescue DAG to sentiment.dag.rescue001...
01/12/24 20:07:54 Removing submitted jobs...
01/12/24 20:07:54 Removing any/all submitted HTCondor jobs...
01/12/24 20:07:54 Running: /usr/bin/condor_rm -const DAGManJobId==13 -reason DAG' 'Abort:' 'DAG' 'is' 'exiting' 'and' 'writing' 'rescue' 'file.
01/12/24 20:07:54 Note: 0 total job deferrals because of -MaxJobs limit (0)
01/12/24 20:07:54 Note: 0 total job deferrals because of -MaxIdle limit (1000)
01/12/24 20:07:54 Note: 0 total job deferrals because of node category throttles
01/12/24 20:07:54 Note: 0 total PRE script deferrals because of -MaxPre limit (20) or DEFER
01/12/24 20:07:54 Note: 0 total POST script deferrals because of -MaxPost limit (20) or DEFER
01/12/24 20:07:54 Note: 0 total HOLD script deferrals because of -MaxHold limit (20) or DEFER
01/12/24 20:07:54 DAG status: 2 (DAG_STATUS_NODE_FAILED)
01/12/24 20:07:54 Of 2 nodes total:
01/12/24 20:07:54  Done     Pre   Queued    Post   Ready   Un-Ready   Failed   Futile
01/12/24 20:07:54   ===     ===      ===     ===     ===        ===      ===      ===
01/12/24 20:07:54     0       0        0       0       0          0        1        1
01/12/24 20:07:54 0 job proc(s) currently held
01/12/24 20:07:54 DAGMan Runtime Statistics: [ EventCycleTimeAvg = 0.3792656362056732; EventCycleTimeCount = 8.0; EventCycleTimeMax = 1.001211166381836; EventCycleTimeMin = 0.004208087921142578; EventCycleTimeStd = 0.514719730720743; EventCycleTimeSum = 3.034125089645386; LogProcessCycleTimeCount = 0.0; LogProcessCycleTimeSum = 0.0; SleepCycleTimeAvg = 5.005147606134415; SleepCycleTimeCount = 8.0; SleepCycleTimeMax = 5.005251884460449; SleepCycleTimeMin = 5.005122900009155; SleepCycleTimeStd = 4.328575437153817E-05; SleepCycleTimeSum = 40.04118084907532; SubmitCycleTimeAvg = 0.337552997801039; SubmitCycleTimeCount = 9.0; SubmitCycleTimeMax = 1.001188993453979; SubmitCycleTimeMin = 0.004101037979125977; SubmitCycleTimeStd = 0.4974564489063233; SubmitCycleTimeSum = 3.037976980209351; ]
01/12/24 20:07:54 Wrote metrics file sentiment.dag.metrics.
01/12/24 20:07:54 DAGMan Runtime Statistics: [ EventCycleTimeAvg = 0.3792656362056732; EventCycleTimeCount = 8.0; EventCycleTimeMax = 1.001211166381836; EventCycleTimeMin = 0.004208087921142578; EventCycleTimeStd = 0.514719730720743; EventCycleTimeSum = 3.034125089645386; LogProcessCycleTimeCount = 0.0; LogProcessCycleTimeSum = 0.0; SleepCycleTimeAvg = 5.005147606134415; SleepCycleTimeCount = 8.0; SleepCycleTimeMax = 5.005251884460449; SleepCycleTimeMin = 5.005122900009155; SleepCycleTimeStd = 4.328575437153817E-05; SleepCycleTimeSum = 40.04118084907532; SubmitCycleTimeAvg = 0.337552997801039; SubmitCycleTimeCount = 9.0; SubmitCycleTimeMax = 1.001188993453979; SubmitCycleTimeMin = 0.004101037979125977; SubmitCycleTimeStd = 0.4974564489063233; SubmitCycleTimeSum = 3.037976980209351; ]
01/12/24 20:07:54 **** condor_scheduniv_exec.13.0 (condor_DAGMAN) pid 1641 EXITING WITH STATUS 1
01/12/24 20:13:54 ******************************************************
01/12/24 20:13:54 ** condor_scheduniv_exec.20.0 (CONDOR_DAGMAN) STARTING UP
01/12/24 20:13:54 ** /usr/bin/condor_dagman
01/12/24 20:13:54 ** SubsystemInfo: name=DAGMAN type=DAGMAN(9) class=CLIENT(2)
01/12/24 20:13:54 ** Configuration: subsystem:DAGMAN local:<NONE> class:CLIENT
01/12/24 20:13:54 ** $CondorVersion: 23.3.0 2024-01-04 BuildID: 700476 PackageID: 23.3.0-1.1 $
01/12/24 20:13:54 ** $CondorPlatform: X86_64-Ubuntu_22.04 $
01/12/24 20:13:54 ** PID = 1667
01/12/24 20:13:54 ** Log last touched 1/12 20:07:54
01/12/24 20:13:54 ******************************************************
01/12/24 20:13:54 Using config source: /etc/condor/condor_config
01/12/24 20:13:54 Using local config sources: 
01/12/24 20:13:54    /etc/condor/config.d/01-submit.config
01/12/24 20:13:54    /etc/condor/config.d/10-stash-plugin.conf
01/12/24 20:13:54    /etc/condor/condor_config.local
01/12/24 20:13:54 config Macros = 73, Sorted = 73, StringBytes = 2201, TablesBytes = 2684
01/12/24 20:13:54 CLASSAD_CACHING is ENABLED
01/12/24 20:13:54 Daemon Log is logging: D_ALWAYS D_ERROR D_STATUS
01/12/24 20:13:54 DaemonCore: No command port requested.
01/12/24 20:13:54 DAGMAN_USE_STRICT setting: 1
01/12/24 20:13:54 DAGMAN_VERBOSITY setting: 3
01/12/24 20:13:54 DAGMAN_DEBUG_CACHE_SIZE setting: 5242880
01/12/24 20:13:54 DAGMAN_DEBUG_CACHE_ENABLE setting: False
01/12/24 20:13:54 DAGMAN_SUBMIT_DELAY setting: 0
01/12/24 20:13:54 DAGMAN_MAX_SUBMIT_ATTEMPTS setting: 6
01/12/24 20:13:54 DAGMAN_STARTUP_CYCLE_DETECT setting: False
01/12/24 20:13:54 DAGMAN_MAX_SUBMITS_PER_INTERVAL setting: 100
01/12/24 20:13:54 DAGMAN_AGGRESSIVE_SUBMIT setting: False
01/12/24 20:13:54 DAGMAN_USER_LOG_SCAN_INTERVAL setting: 5
01/12/24 20:13:54 DAGMAN_QUEUE_UPDATE_INTERVAL setting: 300
01/12/24 20:13:54 DAGMAN_DEFAULT_PRIORITY setting: 0
01/12/24 20:13:54 DAGMAN_SUPPRESS_NOTIFICATION setting: True
01/12/24 20:13:54 allow_events (DAGMAN_ALLOW_EVENTS) setting: 114
01/12/24 20:13:54 DAGMAN_RETRY_SUBMIT_FIRST setting: True
01/12/24 20:13:54 DAGMAN_RETRY_NODE_FIRST setting: False
01/12/24 20:13:54 DAGMAN_MAX_JOBS_IDLE setting: 1000
01/12/24 20:13:54 DAGMAN_MAX_JOBS_SUBMITTED setting: 0
01/12/24 20:13:54 DAGMAN_MAX_PRE_SCRIPTS setting: 20
01/12/24 20:13:54 DAGMAN_MAX_POST_SCRIPTS setting: 20
01/12/24 20:13:54 DAGMAN_MAX_HOLD_SCRIPTS setting: 20
01/12/24 20:13:54 DAGMAN_MUNGE_NODE_NAMES setting: True
01/12/24 20:13:54 DAGMAN_PROHIBIT_MULTI_JOBS setting: False
01/12/24 20:13:54 DAGMAN_SUBMIT_DEPTH_FIRST setting: False
01/12/24 20:13:54 DAGMAN_ALWAYS_RUN_POST setting: False
01/12/24 20:13:54 DAGMAN_CONDOR_SUBMIT_EXE setting: /usr/bin/condor_submit
01/12/24 20:13:54 DAGMAN_USE_DIRECT_SUBMIT setting: True
01/12/24 20:13:54 DAGMAN_DEFAULT_APPEND_VARS setting: False
01/12/24 20:13:54 DAGMAN_ABORT_DUPLICATES setting: True
01/12/24 20:13:54 DAGMAN_ABORT_ON_SCARY_SUBMIT setting: True
01/12/24 20:13:54 DAGMAN_PENDING_REPORT_INTERVAL setting: 600
01/12/24 20:13:54 DAGMAN_AUTO_RESCUE setting: True
01/12/24 20:13:54 DAGMAN_MAX_RESCUE_NUM setting: 100
01/12/24 20:13:54 DAGMAN_WRITE_PARTIAL_RESCUE setting: True
01/12/24 20:13:54 DAGMAN_DEFAULT_NODE_LOG setting: @(DAG_DIR)/@(DAG_FILE).nodes.log
01/12/24 20:13:54 DAGMAN_GENERATE_SUBDAG_SUBMITS setting: True
01/12/24 20:13:54 DAGMAN_MAX_JOB_HOLDS setting: 100
01/12/24 20:13:54 DAGMAN_HOLD_CLAIM_TIME setting: 20
01/12/24 20:13:54 ALL_DEBUG setting: 
01/12/24 20:13:54 DAGMAN_DEBUG setting: 
01/12/24 20:13:54 DAGMAN_SUPPRESS_JOB_LOGS setting: False
01/12/24 20:13:54 DAGMAN_REMOVE_NODE_JOBS setting: True
01/12/24 20:13:54 DAGMAN will adjust edges after parsing
01/12/24 20:13:54 argv[0] == "condor_scheduniv_exec.20.0"
01/12/24 20:13:54 argv[1] == "-Lockfile"
01/12/24 20:13:54 argv[2] == "sentiment.dag.lock"
01/12/24 20:13:54 argv[3] == "-AutoRescue"
01/12/24 20:13:54 argv[4] == "1"
01/12/24 20:13:54 argv[5] == "-DoRescueFrom"
01/12/24 20:13:54 argv[6] == "0"
01/12/24 20:13:54 argv[7] == "-Dag"
01/12/24 20:13:54 argv[8] == "sentiment.dag"
01/12/24 20:13:54 argv[9] == "-Suppress_notification"
01/12/24 20:13:54 argv[10] == "-CsdVersion"
01/12/24 20:13:54 argv[11] == "$CondorVersion: 23.3.0 2024-01-04 BuildID: 700476 PackageID: 23.3.0-1.1 $"
01/12/24 20:13:54 argv[12] == "-Dagman"
01/12/24 20:13:54 argv[13] == "/usr/bin/condor_dagman"
01/12/24 20:13:54 Can't open directory "/etc/condor/passwords.d" as PRIV_ROOT, errno: 13 (Permission denied)
01/12/24 20:13:54 Can't open directory "/etc/condor/passwords.d" as PRIV_ROOT, errno: 13 (Permission denied)
01/12/24 20:13:54 Workflow batch-id: <20.0>
01/12/24 20:13:54 Workflow batch-name: <sentiment.dag+20>
01/12/24 20:13:54 Workflow accounting_group: <>
01/12/24 20:13:54 Workflow accounting_group_user: <>
01/12/24 20:13:54 Warning: failed to get attribute DAGNodeName
01/12/24 20:13:54 DAGMAN_LOG_ON_NFS_IS_ERROR setting: False
01/12/24 20:13:54 Default node log file is: </home/ubuntu/sentiment/./sentiment.dag.nodes.log>
01/12/24 20:13:54 DAG Lockfile will be written to sentiment.dag.lock
01/12/24 20:13:54 DAG Input file is sentiment.dag
01/12/24 20:13:54 Parsing 1 dagfiles
01/12/24 20:13:54 Parsing sentiment.dag ...
01/12/24 20:13:54 Adjusting edges
01/12/24 20:13:54 Found rescue DAG number 1; running sentiment.dag.rescue001 in combination with normal DAG file
01/12/24 20:13:54 ~~~~~~~~~~~~~~~~~~~~~~~~~~~~~~~~~~~~~~~~~~~~~~~~~~~~~~
01/12/24 20:13:54 USING RESCUE DAG sentiment.dag.rescue001
01/12/24 20:13:54 Dag contains 2 total jobs
01/12/24 20:13:54 Bootstrapping...
01/12/24 20:13:54 Number of pre-completed nodes: 0
01/12/24 20:13:54 MultiLogFiles: truncating log file /home/ubuntu/sentiment/./sentiment.dag.nodes.log
01/12/24 20:13:54 DAG status: 0 (DAG_STATUS_OK)
01/12/24 20:13:54 Of 2 nodes total:
01/12/24 20:13:54  Done     Pre   Queued    Post   Ready   Un-Ready   Failed   Futile
01/12/24 20:13:54   ===     ===      ===     ===     ===        ===      ===      ===
01/12/24 20:13:54     0       0        0       0       1          1        0        0
01/12/24 20:13:54 0 job proc(s) currently held
01/12/24 20:13:54 DAGMan Runtime Statistics: [ EventCycleTimeCount = 0.0; EventCycleTimeSum = 0.0; LogProcessCycleTimeCount = 0.0; LogProcessCycleTimeSum = 0.0; SleepCycleTimeCount = 0.0; SleepCycleTimeSum = 0.0; SubmitCycleTimeCount = 0.0; SubmitCycleTimeSum = 0.0; ]
01/12/24 20:13:54 Registering condor_event_timer...
01/12/24 20:13:55 Submitting HTCondor Node A job(s)...
01/12/24 20:13:55 Submitting node A from file data.sub using direct job submission
01/12/24 20:13:55 ERROR: on Line 18 of submit file: failed to create job classad
01/12/24 20:13:55 submit error: Submit:-1:Unexpected characters following double-quote.  Did you forget to escape the double-quote by repeating it?  Here is the quote and trailing characters: "I love this new phone!\""

The full arguments you specified were: "\"I love this new phone!\""
01/12/24 20:13:55 Job submit try 1/6 failed, will try again in >= 1 second.
01/12/24 20:13:55 DAG status: 0 (DAG_STATUS_OK)
01/12/24 20:13:55 Of 2 nodes total:
01/12/24 20:13:55  Done     Pre   Queued    Post   Ready   Un-Ready   Failed   Futile
01/12/24 20:13:55   ===     ===      ===     ===     ===        ===      ===      ===
01/12/24 20:13:55     0       0        0       0       1          1        0        0
01/12/24 20:13:55 0 job proc(s) currently held
01/12/24 20:13:55 DAGMan Runtime Statistics: [ EventCycleTimeCount = 0.0; EventCycleTimeSum = 0.0; LogProcessCycleTimeCount = 0.0; LogProcessCycleTimeSum = 0.0; SleepCycleTimeCount = 0.0; SleepCycleTimeSum = 0.0; SubmitCycleTimeAvg = 0.002131938934326172; SubmitCycleTimeCount = 1.0; SubmitCycleTimeMax = 0.002131938934326172; SubmitCycleTimeMin = 0.002131938934326172; SubmitCycleTimeStd = 0.002131938934326172; SubmitCycleTimeSum = 0.002131938934326172; ]
01/12/24 20:14:00 Submitting HTCondor Node A job(s)...
01/12/24 20:14:00 Submitting node A from file data.sub using direct job submission
01/12/24 20:14:00 ERROR: on Line 18 of submit file: failed to create job classad
01/12/24 20:14:00 submit error: Submit:-1:Unexpected characters following double-quote.  Did you forget to escape the double-quote by repeating it?  Here is the quote and trailing characters: "I love this new phone!\""

The full arguments you specified were: "\"I love this new phone!\""
01/12/24 20:14:00 Job submit try 2/6 failed, will try again in >= 2 seconds.
01/12/24 20:14:05 Submitting HTCondor Node A job(s)...
01/12/24 20:14:05 Submitting node A from file data.sub using direct job submission
01/12/24 20:14:05 ERROR: on Line 18 of submit file: failed to create job classad
01/12/24 20:14:05 submit error: Submit:-1:Unexpected characters following double-quote.  Did you forget to escape the double-quote by repeating it?  Here is the quote and trailing characters: "I love this new phone!\""

The full arguments you specified were: "\"I love this new phone!\""
01/12/24 20:14:05 Job submit try 3/6 failed, will try again in >= 4 seconds.
01/12/24 20:14:10 Submitting HTCondor Node A job(s)...
01/12/24 20:14:10 Submitting node A from file data.sub using direct job submission
01/12/24 20:14:10 ERROR: on Line 18 of submit file: failed to create job classad
01/12/24 20:14:10 submit error: Submit:-1:Unexpected characters following double-quote.  Did you forget to escape the double-quote by repeating it?  Here is the quote and trailing characters: "I love this new phone!\""

The full arguments you specified were: "\"I love this new phone!\""
01/12/24 20:14:10 Job submit try 4/6 failed, will try again in >= 8 seconds.
01/12/24 20:14:21 Submitting HTCondor Node A job(s)...
01/12/24 20:14:21 Submitting node A from file data.sub using direct job submission
01/12/24 20:14:21 ERROR: on Line 18 of submit file: failed to create job classad
01/12/24 20:14:21 submit error: Submit:-1:Unexpected characters following double-quote.  Did you forget to escape the double-quote by repeating it?  Here is the quote and trailing characters: "I love this new phone!\""

The full arguments you specified were: "\"I love this new phone!\""
01/12/24 20:14:21 Job submit try 5/6 failed, will try again in >= 16 seconds.
01/12/24 20:14:38 Submitting HTCondor Node A job(s)...
01/12/24 20:14:38 Submitting node A from file data.sub using direct job submission
01/12/24 20:14:38 ERROR: on Line 18 of submit file: failed to create job classad
01/12/24 20:14:38 submit error: Submit:-1:Unexpected characters following double-quote.  Did you forget to escape the double-quote by repeating it?  Here is the quote and trailing characters: "I love this new phone!\""

The full arguments you specified were: "\"I love this new phone!\""
01/12/24 20:14:38 Job submit failed after 6 tries.
01/12/24 20:14:38 Shortcutting node A retries because of submit failure(s)
01/12/24 20:14:38 DAG status: 2 (DAG_STATUS_NODE_FAILED)
01/12/24 20:14:38 Of 2 nodes total:
01/12/24 20:14:38  Done     Pre   Queued    Post   Ready   Un-Ready   Failed   Futile
01/12/24 20:14:38   ===     ===      ===     ===     ===        ===      ===      ===
01/12/24 20:14:38     0       0        0       0       0          0        1        1
01/12/24 20:14:38 0 job proc(s) currently held
01/12/24 20:14:38 DAGMan Runtime Statistics: [ EventCycleTimeAvg = 0.3769066631793976; EventCycleTimeCount = 8.0; EventCycleTimeMax = 1.001115083694458; EventCycleTimeMin = 0.001977205276489258; EventCycleTimeStd = 0.5168826791832135; EventCycleTimeSum = 3.015253305435181; LogProcessCycleTimeCount = 0.0; LogProcessCycleTimeSum = 0.0; SleepCycleTimeAvg = 5.005068719387054; SleepCycleTimeCount = 8.0; SleepCycleTimeMax = 5.005302906036377; SleepCycleTimeMin = 5.004383087158203; SleepCycleTimeStd = 0.0002854862491976485; SleepCycleTimeSum = 40.04054975509644; SubmitCycleTimeAvg = 0.3352207607693142; SubmitCycleTimeCount = 9.0; SubmitCycleTimeMax = 1.001094818115234; SubmitCycleTimeMin = 0.001948118209838867; SubmitCycleTimeStd = 0.499396257165327; SubmitCycleTimeSum = 3.016986846923828; ]
01/12/24 20:14:38 ERROR: the following job(s) failed:
01/12/24 20:14:38 ---------------------- Job ----------------------
01/12/24 20:14:38       Node Name: A
01/12/24 20:14:38            Noop: false
01/12/24 20:14:38          NodeID: 0
01/12/24 20:14:38     Node Status: STATUS_ERROR    
01/12/24 20:14:38 Node return val: -1
01/12/24 20:14:38           Error: Job submit failed
01/12/24 20:14:38 Job Submit File: data.sub
01/12/24 20:14:38  HTCondor Job ID: [not yet submitted]
01/12/24 20:14:38 PARENTS:  WAITING: 0 CHILDREN: B
01/12/24 20:14:38 ---------------------------------------	<END>
01/12/24 20:14:38 Aborting DAG...
01/12/24 20:14:38 Writing Rescue DAG to sentiment.dag.rescue002...
01/12/24 20:14:38 Removing submitted jobs...
01/12/24 20:14:38 Removing any/all submitted HTCondor jobs...
01/12/24 20:14:38 Running: /usr/bin/condor_rm -const DAGManJobId==20 -reason DAG' 'Abort:' 'DAG' 'is' 'exiting' 'and' 'writing' 'rescue' 'file.
01/12/24 20:14:38 Note: 0 total job deferrals because of -MaxJobs limit (0)
01/12/24 20:14:38 Note: 0 total job deferrals because of -MaxIdle limit (1000)
01/12/24 20:14:38 Note: 0 total job deferrals because of node category throttles
01/12/24 20:14:38 Note: 0 total PRE script deferrals because of -MaxPre limit (20) or DEFER
01/12/24 20:14:38 Note: 0 total POST script deferrals because of -MaxPost limit (20) or DEFER
01/12/24 20:14:38 Note: 0 total HOLD script deferrals because of -MaxHold limit (20) or DEFER
01/12/24 20:14:38 DAG status: 2 (DAG_STATUS_NODE_FAILED)
01/12/24 20:14:38 Of 2 nodes total:
01/12/24 20:14:38  Done     Pre   Queued    Post   Ready   Un-Ready   Failed   Futile
01/12/24 20:14:38   ===     ===      ===     ===     ===        ===      ===      ===
01/12/24 20:14:38     0       0        0       0       0          0        1        1
01/12/24 20:14:38 0 job proc(s) currently held
01/12/24 20:14:38 DAGMan Runtime Statistics: [ EventCycleTimeAvg = 0.3769066631793976; EventCycleTimeCount = 8.0; EventCycleTimeMax = 1.001115083694458; EventCycleTimeMin = 0.001977205276489258; EventCycleTimeStd = 0.5168826791832135; EventCycleTimeSum = 3.015253305435181; LogProcessCycleTimeCount = 0.0; LogProcessCycleTimeSum = 0.0; SleepCycleTimeAvg = 5.005068719387054; SleepCycleTimeCount = 8.0; SleepCycleTimeMax = 5.005302906036377; SleepCycleTimeMin = 5.004383087158203; SleepCycleTimeStd = 0.0002854862491976485; SleepCycleTimeSum = 40.04054975509644; SubmitCycleTimeAvg = 0.3352207607693142; SubmitCycleTimeCount = 9.0; SubmitCycleTimeMax = 1.001094818115234; SubmitCycleTimeMin = 0.001948118209838867; SubmitCycleTimeStd = 0.499396257165327; SubmitCycleTimeSum = 3.016986846923828; ]
01/12/24 20:14:38 Wrote metrics file sentiment.dag.metrics.
01/12/24 20:14:38 DAGMan Runtime Statistics: [ EventCycleTimeAvg = 0.3769066631793976; EventCycleTimeCount = 8.0; EventCycleTimeMax = 1.001115083694458; EventCycleTimeMin = 0.001977205276489258; EventCycleTimeStd = 0.5168826791832135; EventCycleTimeSum = 3.015253305435181; LogProcessCycleTimeCount = 0.0; LogProcessCycleTimeSum = 0.0; SleepCycleTimeAvg = 5.005068719387054; SleepCycleTimeCount = 8.0; SleepCycleTimeMax = 5.005302906036377; SleepCycleTimeMin = 5.004383087158203; SleepCycleTimeStd = 0.0002854862491976485; SleepCycleTimeSum = 40.04054975509644; SubmitCycleTimeAvg = 0.3352207607693142; SubmitCycleTimeCount = 9.0; SubmitCycleTimeMax = 1.001094818115234; SubmitCycleTimeMin = 0.001948118209838867; SubmitCycleTimeStd = 0.499396257165327; SubmitCycleTimeSum = 3.016986846923828; ]
01/12/24 20:14:38 **** condor_scheduniv_exec.20.0 (condor_DAGMAN) pid 1667 EXITING WITH STATUS 1
01/12/24 20:16:36 ******************************************************
01/12/24 20:16:36 ** condor_scheduniv_exec.27.0 (CONDOR_DAGMAN) STARTING UP
01/12/24 20:16:36 ** /usr/bin/condor_dagman
01/12/24 20:16:36 ** SubsystemInfo: name=DAGMAN type=DAGMAN(9) class=CLIENT(2)
01/12/24 20:16:36 ** Configuration: subsystem:DAGMAN local:<NONE> class:CLIENT
01/12/24 20:16:36 ** $CondorVersion: 23.3.0 2024-01-04 BuildID: 700476 PackageID: 23.3.0-1.1 $
01/12/24 20:16:36 ** $CondorPlatform: X86_64-Ubuntu_22.04 $
01/12/24 20:16:36 ** PID = 1675
01/12/24 20:16:36 ** Log last touched 1/12 20:14:38
01/12/24 20:16:36 ******************************************************
01/12/24 20:16:36 Using config source: /etc/condor/condor_config
01/12/24 20:16:36 Using local config sources: 
01/12/24 20:16:36    /etc/condor/config.d/01-submit.config
01/12/24 20:16:36    /etc/condor/config.d/10-stash-plugin.conf
01/12/24 20:16:36    /etc/condor/condor_config.local
01/12/24 20:16:36 config Macros = 73, Sorted = 73, StringBytes = 2201, TablesBytes = 2684
01/12/24 20:16:36 CLASSAD_CACHING is ENABLED
01/12/24 20:16:36 Daemon Log is logging: D_ALWAYS D_ERROR D_STATUS
01/12/24 20:16:36 DaemonCore: No command port requested.
01/12/24 20:16:36 DAGMAN_USE_STRICT setting: 1
01/12/24 20:16:36 DAGMAN_VERBOSITY setting: 3
01/12/24 20:16:36 DAGMAN_DEBUG_CACHE_SIZE setting: 5242880
01/12/24 20:16:36 DAGMAN_DEBUG_CACHE_ENABLE setting: False
01/12/24 20:16:36 DAGMAN_SUBMIT_DELAY setting: 0
01/12/24 20:16:36 DAGMAN_MAX_SUBMIT_ATTEMPTS setting: 6
01/12/24 20:16:36 DAGMAN_STARTUP_CYCLE_DETECT setting: False
01/12/24 20:16:36 DAGMAN_MAX_SUBMITS_PER_INTERVAL setting: 100
01/12/24 20:16:36 DAGMAN_AGGRESSIVE_SUBMIT setting: False
01/12/24 20:16:36 DAGMAN_USER_LOG_SCAN_INTERVAL setting: 5
01/12/24 20:16:36 DAGMAN_QUEUE_UPDATE_INTERVAL setting: 300
01/12/24 20:16:36 DAGMAN_DEFAULT_PRIORITY setting: 0
01/12/24 20:16:36 DAGMAN_SUPPRESS_NOTIFICATION setting: True
01/12/24 20:16:36 allow_events (DAGMAN_ALLOW_EVENTS) setting: 114
01/12/24 20:16:36 DAGMAN_RETRY_SUBMIT_FIRST setting: True
01/12/24 20:16:36 DAGMAN_RETRY_NODE_FIRST setting: False
01/12/24 20:16:36 DAGMAN_MAX_JOBS_IDLE setting: 1000
01/12/24 20:16:36 DAGMAN_MAX_JOBS_SUBMITTED setting: 0
01/12/24 20:16:36 DAGMAN_MAX_PRE_SCRIPTS setting: 20
01/12/24 20:16:36 DAGMAN_MAX_POST_SCRIPTS setting: 20
01/12/24 20:16:36 DAGMAN_MAX_HOLD_SCRIPTS setting: 20
01/12/24 20:16:36 DAGMAN_MUNGE_NODE_NAMES setting: True
01/12/24 20:16:36 DAGMAN_PROHIBIT_MULTI_JOBS setting: False
01/12/24 20:16:36 DAGMAN_SUBMIT_DEPTH_FIRST setting: False
01/12/24 20:16:36 DAGMAN_ALWAYS_RUN_POST setting: False
01/12/24 20:16:36 DAGMAN_CONDOR_SUBMIT_EXE setting: /usr/bin/condor_submit
01/12/24 20:16:36 DAGMAN_USE_DIRECT_SUBMIT setting: True
01/12/24 20:16:36 DAGMAN_DEFAULT_APPEND_VARS setting: False
01/12/24 20:16:36 DAGMAN_ABORT_DUPLICATES setting: True
01/12/24 20:16:36 DAGMAN_ABORT_ON_SCARY_SUBMIT setting: True
01/12/24 20:16:36 DAGMAN_PENDING_REPORT_INTERVAL setting: 600
01/12/24 20:16:36 DAGMAN_AUTO_RESCUE setting: True
01/12/24 20:16:36 DAGMAN_MAX_RESCUE_NUM setting: 100
01/12/24 20:16:36 DAGMAN_WRITE_PARTIAL_RESCUE setting: True
01/12/24 20:16:36 DAGMAN_DEFAULT_NODE_LOG setting: @(DAG_DIR)/@(DAG_FILE).nodes.log
01/12/24 20:16:36 DAGMAN_GENERATE_SUBDAG_SUBMITS setting: True
01/12/24 20:16:36 DAGMAN_MAX_JOB_HOLDS setting: 100
01/12/24 20:16:36 DAGMAN_HOLD_CLAIM_TIME setting: 20
01/12/24 20:16:36 ALL_DEBUG setting: 
01/12/24 20:16:36 DAGMAN_DEBUG setting: 
01/12/24 20:16:36 DAGMAN_SUPPRESS_JOB_LOGS setting: False
01/12/24 20:16:36 DAGMAN_REMOVE_NODE_JOBS setting: True
01/12/24 20:16:36 DAGMAN will adjust edges after parsing
01/12/24 20:16:36 argv[0] == "condor_scheduniv_exec.27.0"
01/12/24 20:16:36 argv[1] == "-Lockfile"
01/12/24 20:16:36 argv[2] == "sentiment.dag.lock"
01/12/24 20:16:36 argv[3] == "-AutoRescue"
01/12/24 20:16:36 argv[4] == "1"
01/12/24 20:16:36 argv[5] == "-DoRescueFrom"
01/12/24 20:16:36 argv[6] == "0"
01/12/24 20:16:36 argv[7] == "-Dag"
01/12/24 20:16:36 argv[8] == "sentiment.dag"
01/12/24 20:16:36 argv[9] == "-Suppress_notification"
01/12/24 20:16:36 argv[10] == "-CsdVersion"
01/12/24 20:16:36 argv[11] == "$CondorVersion: 23.3.0 2024-01-04 BuildID: 700476 PackageID: 23.3.0-1.1 $"
01/12/24 20:16:36 argv[12] == "-Dagman"
01/12/24 20:16:36 argv[13] == "/usr/bin/condor_dagman"
01/12/24 20:16:36 Can't open directory "/etc/condor/passwords.d" as PRIV_ROOT, errno: 13 (Permission denied)
01/12/24 20:16:36 Can't open directory "/etc/condor/passwords.d" as PRIV_ROOT, errno: 13 (Permission denied)
01/12/24 20:16:37 Workflow batch-id: <27.0>
01/12/24 20:16:37 Workflow batch-name: <sentiment.dag+27>
01/12/24 20:16:37 Workflow accounting_group: <>
01/12/24 20:16:37 Workflow accounting_group_user: <>
01/12/24 20:16:37 Warning: failed to get attribute DAGNodeName
01/12/24 20:16:37 DAGMAN_LOG_ON_NFS_IS_ERROR setting: False
01/12/24 20:16:37 Default node log file is: </home/ubuntu/sentiment/./sentiment.dag.nodes.log>
01/12/24 20:16:37 DAG Lockfile will be written to sentiment.dag.lock
01/12/24 20:16:37 DAG Input file is sentiment.dag
01/12/24 20:16:37 Parsing 1 dagfiles
01/12/24 20:16:37 Parsing sentiment.dag ...
01/12/24 20:16:37 Adjusting edges
01/12/24 20:16:37 Found rescue DAG number 2; running sentiment.dag.rescue002 in combination with normal DAG file
01/12/24 20:16:37 ~~~~~~~~~~~~~~~~~~~~~~~~~~~~~~~~~~~~~~~~~~~~~~~~~~~~~~
01/12/24 20:16:37 USING RESCUE DAG sentiment.dag.rescue002
01/12/24 20:16:37 Dag contains 2 total jobs
01/12/24 20:16:37 Bootstrapping...
01/12/24 20:16:37 Number of pre-completed nodes: 0
01/12/24 20:16:37 MultiLogFiles: truncating log file /home/ubuntu/sentiment/./sentiment.dag.nodes.log
01/12/24 20:16:37 DAG status: 0 (DAG_STATUS_OK)
01/12/24 20:16:37 Of 2 nodes total:
01/12/24 20:16:37  Done     Pre   Queued    Post   Ready   Un-Ready   Failed   Futile
01/12/24 20:16:37   ===     ===      ===     ===     ===        ===      ===      ===
01/12/24 20:16:37     0       0        0       0       1          1        0        0
01/12/24 20:16:37 0 job proc(s) currently held
01/12/24 20:16:37 DAGMan Runtime Statistics: [ EventCycleTimeCount = 0.0; EventCycleTimeSum = 0.0; LogProcessCycleTimeCount = 0.0; LogProcessCycleTimeSum = 0.0; SleepCycleTimeCount = 0.0; SleepCycleTimeSum = 0.0; SubmitCycleTimeCount = 0.0; SubmitCycleTimeSum = 0.0; ]
01/12/24 20:16:37 Registering condor_event_timer...
01/12/24 20:16:38 Submitting HTCondor Node A job(s)...
01/12/24 20:16:38 Submitting node A from file data.sub using direct job submission
01/12/24 20:16:38 ERROR: on Line 18 of submit file: failed to create job classad
01/12/24 20:16:38 submit error: Submit:-1:Unexpected characters following double-quote.  Did you forget to escape the double-quote by repeating it?  Here is the quote and trailing characters: "I love this new phone!""

The full arguments you specified were: ""I love this new phone!""
01/12/24 20:16:38 Job submit try 1/6 failed, will try again in >= 1 second.
01/12/24 20:16:38 DAG status: 0 (DAG_STATUS_OK)
01/12/24 20:16:38 Of 2 nodes total:
01/12/24 20:16:38  Done     Pre   Queued    Post   Ready   Un-Ready   Failed   Futile
01/12/24 20:16:38   ===     ===      ===     ===     ===        ===      ===      ===
01/12/24 20:16:38     0       0        0       0       1          1        0        0
01/12/24 20:16:38 0 job proc(s) currently held
01/12/24 20:16:38 DAGMan Runtime Statistics: [ EventCycleTimeCount = 0.0; EventCycleTimeSum = 0.0; LogProcessCycleTimeCount = 0.0; LogProcessCycleTimeSum = 0.0; SleepCycleTimeCount = 0.0; SleepCycleTimeSum = 0.0; SubmitCycleTimeAvg = 0.00213313102722168; SubmitCycleTimeCount = 1.0; SubmitCycleTimeMax = 0.00213313102722168; SubmitCycleTimeMin = 0.00213313102722168; SubmitCycleTimeStd = 0.00213313102722168; SubmitCycleTimeSum = 0.00213313102722168; ]
01/12/24 20:16:43 Submitting HTCondor Node A job(s)...
01/12/24 20:16:43 Submitting node A from file data.sub using direct job submission
01/12/24 20:16:43 ERROR: on Line 18 of submit file: failed to create job classad
01/12/24 20:16:43 submit error: Submit:-1:Unexpected characters following double-quote.  Did you forget to escape the double-quote by repeating it?  Here is the quote and trailing characters: "I love this new phone!""

The full arguments you specified were: ""I love this new phone!""
01/12/24 20:16:43 Job submit try 2/6 failed, will try again in >= 2 seconds.
01/12/24 20:16:48 Submitting HTCondor Node A job(s)...
01/12/24 20:16:48 Submitting node A from file data.sub using direct job submission
01/12/24 20:16:48 ERROR: on Line 18 of submit file: failed to create job classad
01/12/24 20:16:48 submit error: Submit:-1:Unexpected characters following double-quote.  Did you forget to escape the double-quote by repeating it?  Here is the quote and trailing characters: "I love this new phone!""

The full arguments you specified were: ""I love this new phone!""
01/12/24 20:16:48 Job submit try 3/6 failed, will try again in >= 4 seconds.
01/12/24 20:16:53 Submitting HTCondor Node A job(s)...
01/12/24 20:16:53 Submitting node A from file data.sub using direct job submission
01/12/24 20:16:53 ERROR: on Line 18 of submit file: failed to create job classad
01/12/24 20:16:53 submit error: Submit:-1:Unexpected characters following double-quote.  Did you forget to escape the double-quote by repeating it?  Here is the quote and trailing characters: "I love this new phone!""

The full arguments you specified were: ""I love this new phone!""
01/12/24 20:16:53 Job submit try 4/6 failed, will try again in >= 8 seconds.
01/12/24 20:17:04 Submitting HTCondor Node A job(s)...
01/12/24 20:17:04 Submitting node A from file data.sub using direct job submission
01/12/24 20:17:04 ERROR: on Line 18 of submit file: failed to create job classad
01/12/24 20:17:04 submit error: Submit:-1:Unexpected characters following double-quote.  Did you forget to escape the double-quote by repeating it?  Here is the quote and trailing characters: "I love this new phone!""

The full arguments you specified were: ""I love this new phone!""
01/12/24 20:17:04 Job submit try 5/6 failed, will try again in >= 16 seconds.
01/12/24 20:17:21 Submitting HTCondor Node A job(s)...
01/12/24 20:17:21 Submitting node A from file data.sub using direct job submission
01/12/24 20:17:21 ERROR: on Line 18 of submit file: failed to create job classad
01/12/24 20:17:21 submit error: Submit:-1:Unexpected characters following double-quote.  Did you forget to escape the double-quote by repeating it?  Here is the quote and trailing characters: "I love this new phone!""

The full arguments you specified were: ""I love this new phone!""
01/12/24 20:17:21 Job submit failed after 6 tries.
01/12/24 20:17:21 Shortcutting node A retries because of submit failure(s)
01/12/24 20:17:21 DAG status: 2 (DAG_STATUS_NODE_FAILED)
01/12/24 20:17:21 Of 2 nodes total:
01/12/24 20:17:21  Done     Pre   Queued    Post   Ready   Un-Ready   Failed   Futile
01/12/24 20:17:21   ===     ===      ===     ===     ===        ===      ===      ===
01/12/24 20:17:21     0       0        0       0       0          0        1        1
01/12/24 20:17:21 0 job proc(s) currently held
01/12/24 20:17:21 DAGMan Runtime Statistics: [ EventCycleTimeAvg = 0.3768337666988373; EventCycleTimeCount = 8.0; EventCycleTimeMax = 1.001122951507568; EventCycleTimeMin = 0.00197911262512207; EventCycleTimeStd = 0.5169551350087733; EventCycleTimeSum = 3.014670133590698; LogProcessCycleTimeCount = 0.0; LogProcessCycleTimeSum = 0.0; SleepCycleTimeAvg = 5.004907608032227; SleepCycleTimeCount = 8.0; SleepCycleTimeMax = 5.0051429271698; SleepCycleTimeMin = 5.00337815284729; SleepCycleTimeStd = 0.0006182363001949029; SleepCycleTimeSum = 40.03926086425781; SubmitCycleTimeAvg = 0.3351512485080295; SubmitCycleTimeCount = 9.0; SubmitCycleTimeMax = 1.00110387802124; SubmitCycleTimeMin = 0.001944065093994141; SubmitCycleTimeStd = 0.4994574242962979; SubmitCycleTimeSum = 3.016361236572266; ]
01/12/24 20:17:21 ERROR: the following job(s) failed:
01/12/24 20:17:21 ---------------------- Job ----------------------
01/12/24 20:17:21       Node Name: A
01/12/24 20:17:21            Noop: false
01/12/24 20:17:21          NodeID: 0
01/12/24 20:17:21     Node Status: STATUS_ERROR    
01/12/24 20:17:21 Node return val: -1
01/12/24 20:17:21           Error: Job submit failed
01/12/24 20:17:21 Job Submit File: data.sub
01/12/24 20:17:21  HTCondor Job ID: [not yet submitted]
01/12/24 20:17:21 PARENTS:  WAITING: 0 CHILDREN: B
01/12/24 20:17:21 ---------------------------------------	<END>
01/12/24 20:17:21 Aborting DAG...
01/12/24 20:17:21 Writing Rescue DAG to sentiment.dag.rescue003...
01/12/24 20:17:21 Removing submitted jobs...
01/12/24 20:17:21 Removing any/all submitted HTCondor jobs...
01/12/24 20:17:21 Running: /usr/bin/condor_rm -const DAGManJobId==27 -reason DAG' 'Abort:' 'DAG' 'is' 'exiting' 'and' 'writing' 'rescue' 'file.
01/12/24 20:17:21 Note: 0 total job deferrals because of -MaxJobs limit (0)
01/12/24 20:17:21 Note: 0 total job deferrals because of -MaxIdle limit (1000)
01/12/24 20:17:21 Note: 0 total job deferrals because of node category throttles
01/12/24 20:17:21 Note: 0 total PRE script deferrals because of -MaxPre limit (20) or DEFER
01/12/24 20:17:21 Note: 0 total POST script deferrals because of -MaxPost limit (20) or DEFER
01/12/24 20:17:21 Note: 0 total HOLD script deferrals because of -MaxHold limit (20) or DEFER
01/12/24 20:17:21 DAG status: 2 (DAG_STATUS_NODE_FAILED)
01/12/24 20:17:21 Of 2 nodes total:
01/12/24 20:17:21  Done     Pre   Queued    Post   Ready   Un-Ready   Failed   Futile
01/12/24 20:17:21   ===     ===      ===     ===     ===        ===      ===      ===
01/12/24 20:17:21     0       0        0       0       0          0        1        1
01/12/24 20:17:21 0 job proc(s) currently held
01/12/24 20:17:21 DAGMan Runtime Statistics: [ EventCycleTimeAvg = 0.3768337666988373; EventCycleTimeCount = 8.0; EventCycleTimeMax = 1.001122951507568; EventCycleTimeMin = 0.00197911262512207; EventCycleTimeStd = 0.5169551350087733; EventCycleTimeSum = 3.014670133590698; LogProcessCycleTimeCount = 0.0; LogProcessCycleTimeSum = 0.0; SleepCycleTimeAvg = 5.004907608032227; SleepCycleTimeCount = 8.0; SleepCycleTimeMax = 5.0051429271698; SleepCycleTimeMin = 5.00337815284729; SleepCycleTimeStd = 0.0006182363001949029; SleepCycleTimeSum = 40.03926086425781; SubmitCycleTimeAvg = 0.3351512485080295; SubmitCycleTimeCount = 9.0; SubmitCycleTimeMax = 1.00110387802124; SubmitCycleTimeMin = 0.001944065093994141; SubmitCycleTimeStd = 0.4994574242962979; SubmitCycleTimeSum = 3.016361236572266; ]
01/12/24 20:17:21 Wrote metrics file sentiment.dag.metrics.
01/12/24 20:17:21 DAGMan Runtime Statistics: [ EventCycleTimeAvg = 0.3768337666988373; EventCycleTimeCount = 8.0; EventCycleTimeMax = 1.001122951507568; EventCycleTimeMin = 0.00197911262512207; EventCycleTimeStd = 0.5169551350087733; EventCycleTimeSum = 3.014670133590698; LogProcessCycleTimeCount = 0.0; LogProcessCycleTimeSum = 0.0; SleepCycleTimeAvg = 5.004907608032227; SleepCycleTimeCount = 8.0; SleepCycleTimeMax = 5.0051429271698; SleepCycleTimeMin = 5.00337815284729; SleepCycleTimeStd = 0.0006182363001949029; SleepCycleTimeSum = 40.03926086425781; SubmitCycleTimeAvg = 0.3351512485080295; SubmitCycleTimeCount = 9.0; SubmitCycleTimeMax = 1.00110387802124; SubmitCycleTimeMin = 0.001944065093994141; SubmitCycleTimeStd = 0.4994574242962979; SubmitCycleTimeSum = 3.016361236572266; ]
01/12/24 20:17:21 **** condor_scheduniv_exec.27.0 (condor_DAGMAN) pid 1675 EXITING WITH STATUS 1
01/12/24 20:18:33 ******************************************************
01/12/24 20:18:33 ** condor_scheduniv_exec.34.0 (CONDOR_DAGMAN) STARTING UP
01/12/24 20:18:33 ** /usr/bin/condor_dagman
01/12/24 20:18:33 ** SubsystemInfo: name=DAGMAN type=DAGMAN(9) class=CLIENT(2)
01/12/24 20:18:33 ** Configuration: subsystem:DAGMAN local:<NONE> class:CLIENT
01/12/24 20:18:33 ** $CondorVersion: 23.3.0 2024-01-04 BuildID: 700476 PackageID: 23.3.0-1.1 $
01/12/24 20:18:33 ** $CondorPlatform: X86_64-Ubuntu_22.04 $
01/12/24 20:18:33 ** PID = 1689
01/12/24 20:18:33 ** Log last touched 1/12 20:17:21
01/12/24 20:18:33 ******************************************************
01/12/24 20:18:33 Using config source: /etc/condor/condor_config
01/12/24 20:18:33 Using local config sources: 
01/12/24 20:18:33    /etc/condor/config.d/01-submit.config
01/12/24 20:18:33    /etc/condor/config.d/10-stash-plugin.conf
01/12/24 20:18:33    /etc/condor/condor_config.local
01/12/24 20:18:33 config Macros = 73, Sorted = 73, StringBytes = 2201, TablesBytes = 2684
01/12/24 20:18:33 CLASSAD_CACHING is ENABLED
01/12/24 20:18:33 Daemon Log is logging: D_ALWAYS D_ERROR D_STATUS
01/12/24 20:18:33 DaemonCore: No command port requested.
01/12/24 20:18:33 DAGMAN_USE_STRICT setting: 1
01/12/24 20:18:33 DAGMAN_VERBOSITY setting: 3
01/12/24 20:18:33 DAGMAN_DEBUG_CACHE_SIZE setting: 5242880
01/12/24 20:18:33 DAGMAN_DEBUG_CACHE_ENABLE setting: False
01/12/24 20:18:33 DAGMAN_SUBMIT_DELAY setting: 0
01/12/24 20:18:33 DAGMAN_MAX_SUBMIT_ATTEMPTS setting: 6
01/12/24 20:18:33 DAGMAN_STARTUP_CYCLE_DETECT setting: False
01/12/24 20:18:33 DAGMAN_MAX_SUBMITS_PER_INTERVAL setting: 100
01/12/24 20:18:33 DAGMAN_AGGRESSIVE_SUBMIT setting: False
01/12/24 20:18:33 DAGMAN_USER_LOG_SCAN_INTERVAL setting: 5
01/12/24 20:18:33 DAGMAN_QUEUE_UPDATE_INTERVAL setting: 300
01/12/24 20:18:33 DAGMAN_DEFAULT_PRIORITY setting: 0
01/12/24 20:18:33 DAGMAN_SUPPRESS_NOTIFICATION setting: True
01/12/24 20:18:33 allow_events (DAGMAN_ALLOW_EVENTS) setting: 114
01/12/24 20:18:33 DAGMAN_RETRY_SUBMIT_FIRST setting: True
01/12/24 20:18:33 DAGMAN_RETRY_NODE_FIRST setting: False
01/12/24 20:18:33 DAGMAN_MAX_JOBS_IDLE setting: 1000
01/12/24 20:18:33 DAGMAN_MAX_JOBS_SUBMITTED setting: 0
01/12/24 20:18:33 DAGMAN_MAX_PRE_SCRIPTS setting: 20
01/12/24 20:18:33 DAGMAN_MAX_POST_SCRIPTS setting: 20
01/12/24 20:18:33 DAGMAN_MAX_HOLD_SCRIPTS setting: 20
01/12/24 20:18:33 DAGMAN_MUNGE_NODE_NAMES setting: True
01/12/24 20:18:33 DAGMAN_PROHIBIT_MULTI_JOBS setting: False
01/12/24 20:18:33 DAGMAN_SUBMIT_DEPTH_FIRST setting: False
01/12/24 20:18:33 DAGMAN_ALWAYS_RUN_POST setting: False
01/12/24 20:18:33 DAGMAN_CONDOR_SUBMIT_EXE setting: /usr/bin/condor_submit
01/12/24 20:18:33 DAGMAN_USE_DIRECT_SUBMIT setting: True
01/12/24 20:18:33 DAGMAN_DEFAULT_APPEND_VARS setting: False
01/12/24 20:18:33 DAGMAN_ABORT_DUPLICATES setting: True
01/12/24 20:18:33 DAGMAN_ABORT_ON_SCARY_SUBMIT setting: True
01/12/24 20:18:33 DAGMAN_PENDING_REPORT_INTERVAL setting: 600
01/12/24 20:18:33 DAGMAN_AUTO_RESCUE setting: True
01/12/24 20:18:33 DAGMAN_MAX_RESCUE_NUM setting: 100
01/12/24 20:18:33 DAGMAN_WRITE_PARTIAL_RESCUE setting: True
01/12/24 20:18:33 DAGMAN_DEFAULT_NODE_LOG setting: @(DAG_DIR)/@(DAG_FILE).nodes.log
01/12/24 20:18:33 DAGMAN_GENERATE_SUBDAG_SUBMITS setting: True
01/12/24 20:18:33 DAGMAN_MAX_JOB_HOLDS setting: 100
01/12/24 20:18:33 DAGMAN_HOLD_CLAIM_TIME setting: 20
01/12/24 20:18:33 ALL_DEBUG setting: 
01/12/24 20:18:33 DAGMAN_DEBUG setting: 
01/12/24 20:18:33 DAGMAN_SUPPRESS_JOB_LOGS setting: False
01/12/24 20:18:33 DAGMAN_REMOVE_NODE_JOBS setting: True
01/12/24 20:18:33 DAGMAN will adjust edges after parsing
01/12/24 20:18:33 argv[0] == "condor_scheduniv_exec.34.0"
01/12/24 20:18:33 argv[1] == "-Lockfile"
01/12/24 20:18:33 argv[2] == "sentiment.dag.lock"
01/12/24 20:18:33 argv[3] == "-AutoRescue"
01/12/24 20:18:33 argv[4] == "1"
01/12/24 20:18:33 argv[5] == "-DoRescueFrom"
01/12/24 20:18:33 argv[6] == "0"
01/12/24 20:18:33 argv[7] == "-Dag"
01/12/24 20:18:33 argv[8] == "sentiment.dag"
01/12/24 20:18:33 argv[9] == "-Suppress_notification"
01/12/24 20:18:33 argv[10] == "-CsdVersion"
01/12/24 20:18:33 argv[11] == "$CondorVersion: 23.3.0 2024-01-04 BuildID: 700476 PackageID: 23.3.0-1.1 $"
01/12/24 20:18:33 argv[12] == "-Dagman"
01/12/24 20:18:33 argv[13] == "/usr/bin/condor_dagman"
01/12/24 20:18:33 Can't open directory "/etc/condor/passwords.d" as PRIV_ROOT, errno: 13 (Permission denied)
01/12/24 20:18:33 Can't open directory "/etc/condor/passwords.d" as PRIV_ROOT, errno: 13 (Permission denied)
01/12/24 20:18:33 Workflow batch-id: <34.0>
01/12/24 20:18:33 Workflow batch-name: <sentiment.dag+34>
01/12/24 20:18:33 Workflow accounting_group: <>
01/12/24 20:18:33 Workflow accounting_group_user: <>
01/12/24 20:18:33 Warning: failed to get attribute DAGNodeName
01/12/24 20:18:33 DAGMAN_LOG_ON_NFS_IS_ERROR setting: False
01/12/24 20:18:33 Default node log file is: </home/ubuntu/sentiment/./sentiment.dag.nodes.log>
01/12/24 20:18:33 DAG Lockfile will be written to sentiment.dag.lock
01/12/24 20:18:33 DAG Input file is sentiment.dag
01/12/24 20:18:33 Parsing 1 dagfiles
01/12/24 20:18:33 Parsing sentiment.dag ...
01/12/24 20:18:33 Adjusting edges
01/12/24 20:18:33 Found rescue DAG number 3; running sentiment.dag.rescue003 in combination with normal DAG file
01/12/24 20:18:33 ~~~~~~~~~~~~~~~~~~~~~~~~~~~~~~~~~~~~~~~~~~~~~~~~~~~~~~
01/12/24 20:18:33 USING RESCUE DAG sentiment.dag.rescue003
01/12/24 20:18:33 Dag contains 2 total jobs
01/12/24 20:18:33 Bootstrapping...
01/12/24 20:18:33 Number of pre-completed nodes: 0
01/12/24 20:18:33 MultiLogFiles: truncating log file /home/ubuntu/sentiment/./sentiment.dag.nodes.log
01/12/24 20:18:33 DAG status: 0 (DAG_STATUS_OK)
01/12/24 20:18:33 Of 2 nodes total:
01/12/24 20:18:33  Done     Pre   Queued    Post   Ready   Un-Ready   Failed   Futile
01/12/24 20:18:33   ===     ===      ===     ===     ===        ===      ===      ===
01/12/24 20:18:33     0       0        0       0       1          1        0        0
01/12/24 20:18:33 0 job proc(s) currently held
01/12/24 20:18:33 DAGMan Runtime Statistics: [ EventCycleTimeCount = 0.0; EventCycleTimeSum = 0.0; LogProcessCycleTimeCount = 0.0; LogProcessCycleTimeSum = 0.0; SleepCycleTimeCount = 0.0; SleepCycleTimeSum = 0.0; SubmitCycleTimeCount = 0.0; SubmitCycleTimeSum = 0.0; ]
01/12/24 20:18:33 Registering condor_event_timer...
01/12/24 20:18:34 Submitting HTCondor Node A job(s)...
01/12/24 20:18:34 Submitting node A from file data.sub using direct job submission
01/12/24 20:18:34 	assigned HTCondor ID (35.0.0)
01/12/24 20:18:34 Just submitted 1 job this cycle...
01/12/24 20:18:34 DAG status: 0 (DAG_STATUS_OK)
01/12/24 20:18:34 Of 2 nodes total:
01/12/24 20:18:34  Done     Pre   Queued    Post   Ready   Un-Ready   Failed   Futile
01/12/24 20:18:34   ===     ===      ===     ===     ===        ===      ===      ===
01/12/24 20:18:34     0       0        1       0       0          1        0        0
01/12/24 20:18:34 0 job proc(s) currently held
01/12/24 20:18:34 DAGMan Runtime Statistics: [ EventCycleTimeCount = 0.0; EventCycleTimeSum = 0.0; LogProcessCycleTimeCount = 0.0; LogProcessCycleTimeSum = 0.0; SleepCycleTimeCount = 0.0; SleepCycleTimeSum = 0.0; SubmitCycleTimeAvg = 0.01511597633361816; SubmitCycleTimeCount = 1.0; SubmitCycleTimeMax = 0.01511597633361816; SubmitCycleTimeMin = 0.01511597633361816; SubmitCycleTimeStd = 0.01511597633361816; SubmitCycleTimeSum = 0.01511597633361816; ]
01/12/24 20:18:39 Currently monitoring 1 HTCondor log file(s)
01/12/24 20:18:39 Reassigning the id of job A from (35.0.0) to (35.0.0)
01/12/24 20:18:39 Event: ULOG_SUBMIT for HTCondor Node A (35.0.0) {01/12/24 20:18:34}
01/12/24 20:18:39 Number of idle job procs: 1
01/12/24 20:18:39 Reassigning the id of job A from (35.0.0) to (35.1.0)
01/12/24 20:18:39 Event: ULOG_SUBMIT for HTCondor Node A (35.1.0) {01/12/24 20:18:34}
01/12/24 20:18:39 Number of idle job procs: 2
01/12/24 20:18:39 Reassigning the id of job A from (35.1.0) to (35.2.0)
01/12/24 20:18:39 Event: ULOG_SUBMIT for HTCondor Node A (35.2.0) {01/12/24 20:18:34}
01/12/24 20:18:39 Number of idle job procs: 3
01/12/24 20:18:39 Reassigning the id of job A from (35.2.0) to (35.3.0)
01/12/24 20:18:39 Event: ULOG_SUBMIT for HTCondor Node A (35.3.0) {01/12/24 20:18:34}
01/12/24 20:18:39 Number of idle job procs: 4
01/12/24 20:18:59 Currently monitoring 1 HTCondor log file(s)
01/12/24 20:18:59 Event: ULOG_EXECUTE for HTCondor Node A (35.2.0) {01/12/24 20:18:54}
01/12/24 20:18:59 Number of idle job procs: 3
01/12/24 20:18:59 Event: ULOG_EXECUTE for HTCondor Node A (35.0.0) {01/12/24 20:18:54}
01/12/24 20:18:59 Number of idle job procs: 2
01/12/24 20:18:59 Event: ULOG_EXECUTE for HTCondor Node A (35.1.0) {01/12/24 20:18:54}
01/12/24 20:18:59 Number of idle job procs: 1
01/12/24 20:18:59 Event: ULOG_EXECUTE for HTCondor Node A (35.3.0) {01/12/24 20:18:54}
01/12/24 20:18:59 Number of idle job procs: 0
01/12/24 20:18:59 Event: ULOG_JOB_TERMINATED for HTCondor Node A (35.1.0) {01/12/24 20:18:54}
01/12/24 20:18:59 Number of idle job procs: 0
01/12/24 20:18:59 Node A job proc (35.1.0) completed successfully.
01/12/24 20:18:59 Event: ULOG_JOB_TERMINATED for HTCondor Node A (35.3.0) {01/12/24 20:18:54}
01/12/24 20:18:59 Number of idle job procs: 0
01/12/24 20:18:59 Node A job proc (35.3.0) completed successfully.
01/12/24 20:19:04 Currently monitoring 1 HTCondor log file(s)
01/12/24 20:19:04 Event: ULOG_JOB_TERMINATED for HTCondor Node A (35.2.0) {01/12/24 20:19:04}
01/12/24 20:19:04 Number of idle job procs: 0
01/12/24 20:19:04 Node A job proc (35.2.0) completed successfully.
01/12/24 20:19:04 Event: ULOG_JOB_TERMINATED for HTCondor Node A (35.0.0) {01/12/24 20:19:04}
01/12/24 20:19:04 Number of idle job procs: 0
01/12/24 20:19:04 Node A job proc (35.0.0) completed successfully.
01/12/24 20:19:04 Node A job completed
01/12/24 20:19:04 DAG status: 0 (DAG_STATUS_OK)
01/12/24 20:19:04 Of 2 nodes total:
01/12/24 20:19:04  Done     Pre   Queued    Post   Ready   Un-Ready   Failed   Futile
01/12/24 20:19:04   ===     ===      ===     ===     ===        ===      ===      ===
01/12/24 20:19:04     1       0        0       0       1          0        0        0
01/12/24 20:19:04 0 job proc(s) currently held
01/12/24 20:19:04 DAGMan Runtime Statistics: [ EventCycleTimeAvg = 0.002950350443522135; EventCycleTimeCount = 6.0; EventCycleTimeMax = 0.01524901390075684; EventCycleTimeMin = 2.193450927734375E-05; EventCycleTimeStd = 0.00607203670299216; EventCycleTimeSum = 0.01770210266113281; LogProcessCycleTimeAvg = 0.0008667310078938802; LogProcessCycleTimeCount = 3.0; LogProcessCycleTimeMax = 0.001943111419677734; LogProcessCycleTimeMin = 0.0002570152282714844; LogProcessCycleTimeStd = 0.0009349128306165539; LogProcessCycleTimeSum = 0.002600193023681641; SleepCycleTimeAvg = 5.004715164502461; SleepCycleTimeCount = 6.0; SleepCycleTimeMax = 5.005301952362061; SleepCycleTimeMin = 5.002549886703491; SleepCycleTimeStd = 0.00106363499483975; SleepCycleTimeSum = 30.02829098701477; SubmitCycleTimeAvg = 0.002163308007376535; SubmitCycleTimeCount = 7.0; SubmitCycleTimeMax = 0.01511597633361816; SubmitCycleTimeMin = 4.053115844726562E-06; SubmitCycleTimeStd = 0.005711589887561018; SubmitCycleTimeSum = 0.01514315605163574; ]
01/12/24 20:19:09 Submitting HTCondor Node B job(s)...
01/12/24 20:19:09 Submitting node B from file agg.sub using direct job submission
01/12/24 20:19:09 	assigned HTCondor ID (36.0.0)
01/12/24 20:19:09 Just submitted 1 job this cycle...
01/12/24 20:19:09 DAG status: 0 (DAG_STATUS_OK)
01/12/24 20:19:09 Of 2 nodes total:
01/12/24 20:19:09  Done     Pre   Queued    Post   Ready   Un-Ready   Failed   Futile
01/12/24 20:19:09   ===     ===      ===     ===     ===        ===      ===      ===
01/12/24 20:19:09     1       0        1       0       0          0        0        0
01/12/24 20:19:09 0 job proc(s) currently held
01/12/24 20:19:09 DAGMan Runtime Statistics: [ EventCycleTimeAvg = 0.002593585423060826; EventCycleTimeCount = 7.0; EventCycleTimeMax = 0.01524901390075684; EventCycleTimeMin = 2.193450927734375E-05; EventCycleTimeStd = 0.005622780486038609; EventCycleTimeSum = 0.01815509796142578; LogProcessCycleTimeAvg = 0.0008667310078938802; LogProcessCycleTimeCount = 3.0; LogProcessCycleTimeMax = 0.001943111419677734; LogProcessCycleTimeMin = 0.0002570152282714844; LogProcessCycleTimeStd = 0.0009349128306165539; LogProcessCycleTimeSum = 0.002600193023681641; SleepCycleTimeAvg = 5.004778282982962; SleepCycleTimeCount = 7.0; SleepCycleTimeMax = 5.005301952362061; SleepCycleTimeMin = 5.002549886703491; SleepCycleTimeStd = 0.0009852176245544334; SleepCycleTimeSum = 35.03344798088074; SubmitCycleTimeAvg = 0.003062784671783447; SubmitCycleTimeCount = 8.0; SubmitCycleTimeMax = 0.01511597633361816; SubmitCycleTimeMin = 4.053115844726562E-06; SubmitCycleTimeStd = 0.005868083373782527; SubmitCycleTimeSum = 0.02450227737426758; ]
01/12/24 20:19:14 Currently monitoring 1 HTCondor log file(s)
01/12/24 20:19:14 Reassigning the id of job B from (36.0.0) to (36.0.0)
01/12/24 20:19:14 Event: ULOG_SUBMIT for HTCondor Node B (36.0.0) {01/12/24 20:19:09}
01/12/24 20:19:14 Number of idle job procs: 1
01/12/24 20:19:14 Event: ULOG_EXECUTE for HTCondor Node B (36.0.0) {01/12/24 20:19:10}
01/12/24 20:19:14 Number of idle job procs: 0
01/12/24 20:19:14 Event: ULOG_JOB_TERMINATED for HTCondor Node B (36.0.0) {01/12/24 20:19:10}
01/12/24 20:19:14 Number of idle job procs: 0
01/12/24 20:19:14 Node B job proc (36.0.0) completed successfully.
01/12/24 20:19:14 Node B job completed
01/12/24 20:19:14 DAG status: 0 (DAG_STATUS_OK)
01/12/24 20:19:14 Of 2 nodes total:
01/12/24 20:19:14  Done     Pre   Queued    Post   Ready   Un-Ready   Failed   Futile
01/12/24 20:19:14   ===     ===      ===     ===     ===        ===      ===      ===
01/12/24 20:19:14     2       0        0       0       0          0        0        0
01/12/24 20:19:14 0 job proc(s) currently held
01/12/24 20:19:14 DAGMan Runtime Statistics: [ EventCycleTimeAvg = 0.003459632396697998; EventCycleTimeCount = 8.0; EventCycleTimeMax = 0.01524901390075684; EventCycleTimeMin = 2.193450927734375E-05; EventCycleTimeStd = 0.005753210961288627; EventCycleTimeSum = 0.02767705917358398; LogProcessCycleTimeAvg = 0.0007222890853881836; LogProcessCycleTimeCount = 4.0; LogProcessCycleTimeMax = 0.001943111419677734; LogProcessCycleTimeMin = 0.0002570152282714844; LogProcessCycleTimeStd = 0.0008161874027919108; LogProcessCycleTimeSum = 0.002889156341552734; SleepCycleTimeAvg = 5.004819244146347; SleepCycleTimeCount = 8.0; SleepCycleTimeMax = 5.005301952362061; SleepCycleTimeMin = 5.002549886703491; SleepCycleTimeStd = 0.0009194626026719805; SleepCycleTimeSum = 40.03855395317078; SubmitCycleTimeAvg = 0.002723031573825412; SubmitCycleTimeCount = 9.0; SubmitCycleTimeMax = 0.01511597633361816; SubmitCycleTimeMin = 4.053115844726562E-06; SubmitCycleTimeStd = 0.005582919637573498; SubmitCycleTimeSum = 0.02450728416442871; ]
01/12/24 20:19:14 All jobs Completed!
01/12/24 20:19:14 Note: 0 total job deferrals because of -MaxJobs limit (0)
01/12/24 20:19:14 Note: 0 total job deferrals because of -MaxIdle limit (1000)
01/12/24 20:19:14 Note: 0 total job deferrals because of node category throttles
01/12/24 20:19:14 Note: 0 total PRE script deferrals because of -MaxPre limit (20) or DEFER
01/12/24 20:19:14 Note: 0 total POST script deferrals because of -MaxPost limit (20) or DEFER
01/12/24 20:19:14 Note: 0 total HOLD script deferrals because of -MaxHold limit (20) or DEFER
01/12/24 20:19:14 DAG status: 0 (DAG_STATUS_OK)
01/12/24 20:19:14 Of 2 nodes total:
01/12/24 20:19:14  Done     Pre   Queued    Post   Ready   Un-Ready   Failed   Futile
01/12/24 20:19:14   ===     ===      ===     ===     ===        ===      ===      ===
01/12/24 20:19:14     2       0        0       0       0          0        0        0
01/12/24 20:19:14 0 job proc(s) currently held
01/12/24 20:19:14 DAGMan Runtime Statistics: [ EventCycleTimeAvg = 0.003459632396697998; EventCycleTimeCount = 8.0; EventCycleTimeMax = 0.01524901390075684; EventCycleTimeMin = 2.193450927734375E-05; EventCycleTimeStd = 0.005753210961288627; EventCycleTimeSum = 0.02767705917358398; LogProcessCycleTimeAvg = 0.0007222890853881836; LogProcessCycleTimeCount = 4.0; LogProcessCycleTimeMax = 0.001943111419677734; LogProcessCycleTimeMin = 0.0002570152282714844; LogProcessCycleTimeStd = 0.0008161874027919108; LogProcessCycleTimeSum = 0.002889156341552734; SleepCycleTimeAvg = 5.004819244146347; SleepCycleTimeCount = 8.0; SleepCycleTimeMax = 5.005301952362061; SleepCycleTimeMin = 5.002549886703491; SleepCycleTimeStd = 0.0009194626026719805; SleepCycleTimeSum = 40.03855395317078; SubmitCycleTimeAvg = 0.002723031573825412; SubmitCycleTimeCount = 9.0; SubmitCycleTimeMax = 0.01511597633361816; SubmitCycleTimeMin = 4.053115844726562E-06; SubmitCycleTimeStd = 0.005582919637573498; SubmitCycleTimeSum = 0.02450728416442871; ]
01/12/24 20:19:14 Wrote metrics file sentiment.dag.metrics.
01/12/24 20:19:14 DAGMan Runtime Statistics: [ EventCycleTimeAvg = 0.003459632396697998; EventCycleTimeCount = 8.0; EventCycleTimeMax = 0.01524901390075684; EventCycleTimeMin = 2.193450927734375E-05; EventCycleTimeStd = 0.005753210961288627; EventCycleTimeSum = 0.02767705917358398; LogProcessCycleTimeAvg = 0.0007222890853881836; LogProcessCycleTimeCount = 4.0; LogProcessCycleTimeMax = 0.001943111419677734; LogProcessCycleTimeMin = 0.0002570152282714844; LogProcessCycleTimeStd = 0.0008161874027919108; LogProcessCycleTimeSum = 0.002889156341552734; SleepCycleTimeAvg = 5.004819244146347; SleepCycleTimeCount = 8.0; SleepCycleTimeMax = 5.005301952362061; SleepCycleTimeMin = 5.002549886703491; SleepCycleTimeStd = 0.0009194626026719805; SleepCycleTimeSum = 40.03855395317078; SubmitCycleTimeAvg = 0.002723031573825412; SubmitCycleTimeCount = 9.0; SubmitCycleTimeMax = 0.01511597633361816; SubmitCycleTimeMin = 4.053115844726562E-06; SubmitCycleTimeStd = 0.005582919637573498; SubmitCycleTimeSum = 0.02450728416442871; ]
01/12/24 20:19:14 **** condor_scheduniv_exec.34.0 (condor_DAGMAN) pid 1689 EXITING WITH STATUS 0
01/13/24 09:53:12 ******************************************************
01/13/24 09:53:12 ** condor_scheduniv_exec.73.0 (CONDOR_DAGMAN) STARTING UP
01/13/24 09:53:12 ** /usr/bin/condor_dagman
01/13/24 09:53:12 ** SubsystemInfo: name=DAGMAN type=DAGMAN(9) class=CLIENT(2)
01/13/24 09:53:12 ** Configuration: subsystem:DAGMAN local:<NONE> class:CLIENT
01/13/24 09:53:12 ** $CondorVersion: 23.3.0 2024-01-04 BuildID: 700476 PackageID: 23.3.0-1.1 $
01/13/24 09:53:12 ** $CondorPlatform: X86_64-Ubuntu_22.04 $
01/13/24 09:53:12 ** PID = 1704
01/13/24 09:53:12 ** Log last touched 1/12 20:19:14
01/13/24 09:53:12 ******************************************************
01/13/24 09:53:12 Using config source: /etc/condor/condor_config
01/13/24 09:53:12 Using local config sources: 
01/13/24 09:53:12    /etc/condor/config.d/01-submit.config
01/13/24 09:53:12    /etc/condor/config.d/10-stash-plugin.conf
01/13/24 09:53:12    /etc/condor/condor_config.local
01/13/24 09:53:12 config Macros = 73, Sorted = 73, StringBytes = 2202, TablesBytes = 2684
01/13/24 09:53:12 CLASSAD_CACHING is ENABLED
01/13/24 09:53:12 Daemon Log is logging: D_ALWAYS D_ERROR D_STATUS
01/13/24 09:53:12 DaemonCore: No command port requested.
01/13/24 09:53:12 DAGMAN_USE_STRICT setting: 1
01/13/24 09:53:12 DAGMAN_VERBOSITY setting: 3
01/13/24 09:53:12 DAGMAN_DEBUG_CACHE_SIZE setting: 5242880
01/13/24 09:53:12 DAGMAN_DEBUG_CACHE_ENABLE setting: False
01/13/24 09:53:12 DAGMAN_SUBMIT_DELAY setting: 0
01/13/24 09:53:12 DAGMAN_MAX_SUBMIT_ATTEMPTS setting: 6
01/13/24 09:53:12 DAGMAN_STARTUP_CYCLE_DETECT setting: False
01/13/24 09:53:12 DAGMAN_MAX_SUBMITS_PER_INTERVAL setting: 100
01/13/24 09:53:12 DAGMAN_AGGRESSIVE_SUBMIT setting: False
01/13/24 09:53:12 DAGMAN_USER_LOG_SCAN_INTERVAL setting: 5
01/13/24 09:53:12 DAGMAN_QUEUE_UPDATE_INTERVAL setting: 300
01/13/24 09:53:12 DAGMAN_DEFAULT_PRIORITY setting: 0
01/13/24 09:53:12 DAGMAN_SUPPRESS_NOTIFICATION setting: True
01/13/24 09:53:12 allow_events (DAGMAN_ALLOW_EVENTS) setting: 114
01/13/24 09:53:12 DAGMAN_RETRY_SUBMIT_FIRST setting: True
01/13/24 09:53:12 DAGMAN_RETRY_NODE_FIRST setting: False
01/13/24 09:53:12 DAGMAN_MAX_JOBS_IDLE setting: 1000
01/13/24 09:53:12 DAGMAN_MAX_JOBS_SUBMITTED setting: 0
01/13/24 09:53:12 DAGMAN_MAX_PRE_SCRIPTS setting: 20
01/13/24 09:53:12 DAGMAN_MAX_POST_SCRIPTS setting: 20
01/13/24 09:53:12 DAGMAN_MAX_HOLD_SCRIPTS setting: 20
01/13/24 09:53:12 DAGMAN_MUNGE_NODE_NAMES setting: True
01/13/24 09:53:12 DAGMAN_PROHIBIT_MULTI_JOBS setting: False
01/13/24 09:53:12 DAGMAN_SUBMIT_DEPTH_FIRST setting: False
01/13/24 09:53:12 DAGMAN_ALWAYS_RUN_POST setting: False
01/13/24 09:53:12 DAGMAN_CONDOR_SUBMIT_EXE setting: /usr/bin/condor_submit
01/13/24 09:53:12 DAGMAN_USE_DIRECT_SUBMIT setting: True
01/13/24 09:53:12 DAGMAN_DEFAULT_APPEND_VARS setting: False
01/13/24 09:53:12 DAGMAN_ABORT_DUPLICATES setting: True
01/13/24 09:53:12 DAGMAN_ABORT_ON_SCARY_SUBMIT setting: True
01/13/24 09:53:12 DAGMAN_PENDING_REPORT_INTERVAL setting: 600
01/13/24 09:53:12 DAGMAN_AUTO_RESCUE setting: True
01/13/24 09:53:12 DAGMAN_MAX_RESCUE_NUM setting: 100
01/13/24 09:53:12 DAGMAN_WRITE_PARTIAL_RESCUE setting: True
01/13/24 09:53:12 DAGMAN_DEFAULT_NODE_LOG setting: @(DAG_DIR)/@(DAG_FILE).nodes.log
01/13/24 09:53:12 DAGMAN_GENERATE_SUBDAG_SUBMITS setting: True
01/13/24 09:53:12 DAGMAN_MAX_JOB_HOLDS setting: 100
01/13/24 09:53:12 DAGMAN_HOLD_CLAIM_TIME setting: 20
01/13/24 09:53:12 ALL_DEBUG setting: 
01/13/24 09:53:12 DAGMAN_DEBUG setting: 
01/13/24 09:53:12 DAGMAN_SUPPRESS_JOB_LOGS setting: False
01/13/24 09:53:12 DAGMAN_REMOVE_NODE_JOBS setting: True
01/13/24 09:53:12 DAGMAN will adjust edges after parsing
01/13/24 09:53:12 argv[0] == "condor_scheduniv_exec.73.0"
01/13/24 09:53:12 argv[1] == "-Lockfile"
01/13/24 09:53:12 argv[2] == "sentiment.dag.lock"
01/13/24 09:53:12 argv[3] == "-AutoRescue"
01/13/24 09:53:12 argv[4] == "1"
01/13/24 09:53:12 argv[5] == "-DoRescueFrom"
01/13/24 09:53:12 argv[6] == "0"
01/13/24 09:53:12 argv[7] == "-Dag"
01/13/24 09:53:12 argv[8] == "sentiment.dag"
01/13/24 09:53:12 argv[9] == "-Suppress_notification"
01/13/24 09:53:12 argv[10] == "-CsdVersion"
01/13/24 09:53:12 argv[11] == "$CondorVersion: 23.3.0 2024-01-04 BuildID: 700476 PackageID: 23.3.0-1.1 $"
01/13/24 09:53:12 argv[12] == "-Dagman"
01/13/24 09:53:12 argv[13] == "/usr/bin/condor_dagman"
01/13/24 09:53:12 Can't open directory "/etc/condor/passwords.d" as PRIV_ROOT, errno: 13 (Permission denied)
01/13/24 09:53:12 Can't open directory "/etc/condor/passwords.d" as PRIV_ROOT, errno: 13 (Permission denied)
01/13/24 09:53:12 Workflow batch-id: <73.0>
01/13/24 09:53:12 Workflow batch-name: <sentiment.dag+73>
01/13/24 09:53:12 Workflow accounting_group: <>
01/13/24 09:53:12 Workflow accounting_group_user: <>
01/13/24 09:53:12 Warning: failed to get attribute DAGNodeName
01/13/24 09:53:12 DAGMAN_LOG_ON_NFS_IS_ERROR setting: False
01/13/24 09:53:12 Default node log file is: </home/ubuntu/sentiment/./sentiment.dag.nodes.log>
01/13/24 09:53:12 DAG Lockfile will be written to sentiment.dag.lock
01/13/24 09:53:12 DAG Input file is sentiment.dag
01/13/24 09:53:12 Parsing 1 dagfiles
01/13/24 09:53:12 Parsing sentiment.dag ...
01/13/24 09:53:12 Adjusting edges
01/13/24 09:53:12 Found rescue DAG number 3; running sentiment.dag.rescue003 in combination with normal DAG file
01/13/24 09:53:12 ~~~~~~~~~~~~~~~~~~~~~~~~~~~~~~~~~~~~~~~~~~~~~~~~~~~~~~
01/13/24 09:53:12 USING RESCUE DAG sentiment.dag.rescue003
01/13/24 09:53:12 Dag contains 2 total jobs
01/13/24 09:53:12 Bootstrapping...
01/13/24 09:53:12 Number of pre-completed nodes: 0
01/13/24 09:53:12 MultiLogFiles: truncating log file /home/ubuntu/sentiment/./sentiment.dag.nodes.log
01/13/24 09:53:12 DAG status: 0 (DAG_STATUS_OK)
01/13/24 09:53:12 Of 2 nodes total:
01/13/24 09:53:12  Done     Pre   Queued    Post   Ready   Un-Ready   Failed   Futile
01/13/24 09:53:12   ===     ===      ===     ===     ===        ===      ===      ===
01/13/24 09:53:12     0       0        0       0       1          1        0        0
01/13/24 09:53:12 0 job proc(s) currently held
01/13/24 09:53:12 DAGMan Runtime Statistics: [ EventCycleTimeCount = 0.0; EventCycleTimeSum = 0.0; LogProcessCycleTimeCount = 0.0; LogProcessCycleTimeSum = 0.0; SleepCycleTimeCount = 0.0; SleepCycleTimeSum = 0.0; SubmitCycleTimeCount = 0.0; SubmitCycleTimeSum = 0.0; ]
01/13/24 09:53:12 Registering condor_event_timer...
01/13/24 09:53:13 Submitting HTCondor Node A job(s)...
01/13/24 09:53:13 Submitting node A from file data.sub using direct job submission
01/13/24 09:53:13 	assigned HTCondor ID (74.0.0)
01/13/24 09:53:13 Just submitted 1 job this cycle...
01/13/24 09:53:13 DAG status: 0 (DAG_STATUS_OK)
01/13/24 09:53:13 Of 2 nodes total:
01/13/24 09:53:13  Done     Pre   Queued    Post   Ready   Un-Ready   Failed   Futile
01/13/24 09:53:13   ===     ===      ===     ===     ===        ===      ===      ===
01/13/24 09:53:13     0       0        1       0       0          1        0        0
01/13/24 09:53:13 0 job proc(s) currently held
01/13/24 09:53:13 DAGMan Runtime Statistics: [ EventCycleTimeCount = 0.0; EventCycleTimeSum = 0.0; LogProcessCycleTimeCount = 0.0; LogProcessCycleTimeSum = 0.0; SleepCycleTimeCount = 0.0; SleepCycleTimeSum = 0.0; SubmitCycleTimeAvg = 0.01442813873291016; SubmitCycleTimeCount = 1.0; SubmitCycleTimeMax = 0.01442813873291016; SubmitCycleTimeMin = 0.01442813873291016; SubmitCycleTimeStd = 0.01442813873291016; SubmitCycleTimeSum = 0.01442813873291016; ]
01/13/24 09:53:18 Currently monitoring 1 HTCondor log file(s)
01/13/24 09:53:18 Reassigning the id of job A from (74.0.0) to (74.0.0)
01/13/24 09:53:18 Event: ULOG_SUBMIT for HTCondor Node A (74.0.0) {01/13/24 09:53:13}
01/13/24 09:53:18 Number of idle job procs: 1
01/13/24 09:53:18 Reassigning the id of job A from (74.0.0) to (74.1.0)
01/13/24 09:53:18 Event: ULOG_SUBMIT for HTCondor Node A (74.1.0) {01/13/24 09:53:13}
01/13/24 09:53:18 Number of idle job procs: 2
01/13/24 09:53:18 Reassigning the id of job A from (74.1.0) to (74.2.0)
01/13/24 09:53:18 Event: ULOG_SUBMIT for HTCondor Node A (74.2.0) {01/13/24 09:53:13}
01/13/24 09:53:18 Number of idle job procs: 3
01/13/24 09:53:18 Reassigning the id of job A from (74.2.0) to (74.3.0)
01/13/24 09:53:18 Event: ULOG_SUBMIT for HTCondor Node A (74.3.0) {01/13/24 09:53:13}
01/13/24 09:53:18 Number of idle job procs: 4
01/13/24 09:53:38 Currently monitoring 1 HTCondor log file(s)
01/13/24 09:53:38 Event: ULOG_EXECUTE for HTCondor Node A (74.0.0) {01/13/24 09:53:33}
01/13/24 09:53:38 Number of idle job procs: 3
01/13/24 09:53:38 Event: ULOG_EXECUTE for HTCondor Node A (74.1.0) {01/13/24 09:53:33}
01/13/24 09:53:38 Number of idle job procs: 2
01/13/24 09:53:38 Event: ULOG_EXECUTE for HTCondor Node A (74.2.0) {01/13/24 09:53:33}
01/13/24 09:53:38 Number of idle job procs: 1
01/13/24 09:53:38 Event: ULOG_EXECUTE for HTCondor Node A (74.3.0) {01/13/24 09:53:33}
01/13/24 09:53:38 Number of idle job procs: 0
01/13/24 09:53:48 Currently monitoring 1 HTCondor log file(s)
01/13/24 09:53:48 Event: ULOG_JOB_TERMINATED for HTCondor Node A (74.1.0) {01/13/24 09:53:44}
01/13/24 09:53:48 Number of idle job procs: 0
01/13/24 09:53:48 Node A job proc (74.1.0) completed successfully.
01/13/24 09:53:48 Event: ULOG_JOB_TERMINATED for HTCondor Node A (74.3.0) {01/13/24 09:53:45}
01/13/24 09:53:48 Number of idle job procs: 0
01/13/24 09:53:48 Node A job proc (74.3.0) completed successfully.
01/13/24 09:53:48 Event: ULOG_JOB_TERMINATED for HTCondor Node A (74.2.0) {01/13/24 09:53:45}
01/13/24 09:53:48 Number of idle job procs: 0
01/13/24 09:53:48 Node A job proc (74.2.0) completed successfully.
01/13/24 09:53:48 Event: ULOG_JOB_TERMINATED for HTCondor Node A (74.0.0) {01/13/24 09:53:45}
01/13/24 09:53:48 Number of idle job procs: 0
01/13/24 09:53:48 Node A job proc (74.0.0) completed successfully.
01/13/24 09:53:48 Node A job completed
01/13/24 09:53:48 DAG status: 0 (DAG_STATUS_OK)
01/13/24 09:53:48 Of 2 nodes total:
01/13/24 09:53:48  Done     Pre   Queued    Post   Ready   Un-Ready   Failed   Futile
01/13/24 09:53:48   ===     ===      ===     ===     ===        ===      ===      ===
01/13/24 09:53:48     1       0        0       0       1          0        0        0
01/13/24 09:53:48 0 job proc(s) currently held
01/13/24 09:53:48 DAGMan Runtime Statistics: [ EventCycleTimeAvg = 0.002561126436505999; EventCycleTimeCount = 7.0; EventCycleTimeMax = 0.01456403732299805; EventCycleTimeMin = 1.811981201171875E-05; EventCycleTimeStd = 0.005404420403924428; EventCycleTimeSum = 0.01792788505554199; LogProcessCycleTimeAvg = 0.00121609369913737; LogProcessCycleTimeCount = 3.0; LogProcessCycleTimeMax = 0.002975940704345703; LogProcessCycleTimeMin = 0.0002541542053222656; LogProcessCycleTimeStd = 0.00152627741060394; LogProcessCycleTimeSum = 0.003648281097412109; SleepCycleTimeAvg = 5.004299436296735; SleepCycleTimeCount = 7.0; SleepCycleTimeMax = 5.005234956741333; SleepCycleTimeMin = 5.001200199127197; SleepCycleTimeStd = 0.001464789315124345; SleepCycleTimeSum = 35.03009605407715; SubmitCycleTimeAvg = 0.001807630062103271; SubmitCycleTimeCount = 8.0; SubmitCycleTimeMax = 0.01442813873291016; SubmitCycleTimeMin = 3.814697265625E-06; SubmitCycleTimeStd = 0.005099455602374887; SubmitCycleTimeSum = 0.01446104049682617; ]
01/13/24 09:53:53 Submitting HTCondor Node B job(s)...
01/13/24 09:53:53 Submitting node B from file agg.sub using direct job submission
01/13/24 09:53:53 	assigned HTCondor ID (75.0.0)
01/13/24 09:53:53 Just submitted 1 job this cycle...
01/13/24 09:53:53 DAG status: 0 (DAG_STATUS_OK)
01/13/24 09:53:53 Of 2 nodes total:
01/13/24 09:53:53  Done     Pre   Queued    Post   Ready   Un-Ready   Failed   Futile
01/13/24 09:53:53   ===     ===      ===     ===     ===        ===      ===      ===
01/13/24 09:53:53     1       0        1       0       0          0        0        0
01/13/24 09:53:53 0 job proc(s) currently held
01/13/24 09:53:53 DAGMan Runtime Statistics: [ EventCycleTimeAvg = 0.002315223217010498; EventCycleTimeCount = 8.0; EventCycleTimeMax = 0.01456403732299805; EventCycleTimeMin = 1.811981201171875E-05; EventCycleTimeStd = 0.005051630421983865; EventCycleTimeSum = 0.01852178573608398; LogProcessCycleTimeAvg = 0.00121609369913737; LogProcessCycleTimeCount = 3.0; LogProcessCycleTimeMax = 0.002975940704345703; LogProcessCycleTimeMin = 0.0002541542053222656; LogProcessCycleTimeStd = 0.00152627741060394; LogProcessCycleTimeSum = 0.003648281097412109; SleepCycleTimeAvg = 5.00439864397049; SleepCycleTimeCount = 8.0; SleepCycleTimeMax = 5.005234956741333; SleepCycleTimeMin = 5.001200199127197; SleepCycleTimeStd = 0.001384857265459328; SleepCycleTimeSum = 40.03518915176392; SubmitCycleTimeAvg = 0.002661334143744575; SubmitCycleTimeCount = 9.0; SubmitCycleTimeMax = 0.01442813873291016; SubmitCycleTimeMin = 3.814697265625E-06; SubmitCycleTimeStd = 0.0054141654427638; SubmitCycleTimeSum = 0.02395200729370117; ]
01/13/24 09:53:58 Currently monitoring 1 HTCondor log file(s)
01/13/24 09:53:58 Reassigning the id of job B from (75.0.0) to (75.0.0)
01/13/24 09:53:58 Event: ULOG_SUBMIT for HTCondor Node B (75.0.0) {01/13/24 09:53:53}
01/13/24 09:53:58 Number of idle job procs: 1
01/13/24 09:53:58 Event: ULOG_EXECUTE for HTCondor Node B (75.0.0) {01/13/24 09:53:54}
01/13/24 09:53:58 Number of idle job procs: 0
01/13/24 09:53:58 Event: ULOG_JOB_TERMINATED for HTCondor Node B (75.0.0) {01/13/24 09:53:54}
01/13/24 09:53:58 Number of idle job procs: 0
01/13/24 09:53:58 Node B job proc (75.0.0) completed successfully.
01/13/24 09:53:58 Node B job completed
01/13/24 09:53:58 DAG status: 0 (DAG_STATUS_OK)
01/13/24 09:53:58 Of 2 nodes total:
01/13/24 09:53:58  Done     Pre   Queued    Post   Ready   Un-Ready   Failed   Futile
01/13/24 09:53:58   ===     ===      ===     ===     ===        ===      ===      ===
01/13/24 09:53:58     2       0        0       0       0          0        0        0
01/13/24 09:53:58 0 job proc(s) currently held
01/13/24 09:53:58 DAGMan Runtime Statistics: [ EventCycleTimeAvg = 0.003130753835042318; EventCycleTimeCount = 9.0; EventCycleTimeMax = 0.01456403732299805; EventCycleTimeMin = 1.811981201171875E-05; EventCycleTimeStd = 0.005321175657765869; EventCycleTimeSum = 0.02817678451538086; LogProcessCycleTimeAvg = 0.0009823441505432129; LogProcessCycleTimeCount = 4.0; LogProcessCycleTimeMax = 0.002975940704345703; LogProcessCycleTimeMin = 0.0002541542053222656; LogProcessCycleTimeStd = 0.001331003592013109; LogProcessCycleTimeSum = 0.003929376602172852; SleepCycleTimeAvg = 5.004478560553657; SleepCycleTimeCount = 9.0; SleepCycleTimeMax = 5.005234956741333; SleepCycleTimeMin = 5.001200199127197; SleepCycleTimeStd = 0.001317414469460289; SleepCycleTimeSum = 45.04030704498291; SubmitCycleTimeAvg = 0.00239570140838623; SubmitCycleTimeCount = 10.0; SubmitCycleTimeMax = 0.01442813873291016; SubmitCycleTimeMin = 3.814697265625E-06; SubmitCycleTimeStd = 0.00517317833789933; SubmitCycleTimeSum = 0.0239570140838623; ]
01/13/24 09:53:58 All jobs Completed!
01/13/24 09:53:58 Note: 0 total job deferrals because of -MaxJobs limit (0)
01/13/24 09:53:58 Note: 0 total job deferrals because of -MaxIdle limit (1000)
01/13/24 09:53:58 Note: 0 total job deferrals because of node category throttles
01/13/24 09:53:58 Note: 0 total PRE script deferrals because of -MaxPre limit (20) or DEFER
01/13/24 09:53:58 Note: 0 total POST script deferrals because of -MaxPost limit (20) or DEFER
01/13/24 09:53:58 Note: 0 total HOLD script deferrals because of -MaxHold limit (20) or DEFER
01/13/24 09:53:58 DAG status: 0 (DAG_STATUS_OK)
01/13/24 09:53:58 Of 2 nodes total:
01/13/24 09:53:58  Done     Pre   Queued    Post   Ready   Un-Ready   Failed   Futile
01/13/24 09:53:58   ===     ===      ===     ===     ===        ===      ===      ===
01/13/24 09:53:58     2       0        0       0       0          0        0        0
01/13/24 09:53:58 0 job proc(s) currently held
01/13/24 09:53:58 DAGMan Runtime Statistics: [ EventCycleTimeAvg = 0.003130753835042318; EventCycleTimeCount = 9.0; EventCycleTimeMax = 0.01456403732299805; EventCycleTimeMin = 1.811981201171875E-05; EventCycleTimeStd = 0.005321175657765869; EventCycleTimeSum = 0.02817678451538086; LogProcessCycleTimeAvg = 0.0009823441505432129; LogProcessCycleTimeCount = 4.0; LogProcessCycleTimeMax = 0.002975940704345703; LogProcessCycleTimeMin = 0.0002541542053222656; LogProcessCycleTimeStd = 0.001331003592013109; LogProcessCycleTimeSum = 0.003929376602172852; SleepCycleTimeAvg = 5.004478560553657; SleepCycleTimeCount = 9.0; SleepCycleTimeMax = 5.005234956741333; SleepCycleTimeMin = 5.001200199127197; SleepCycleTimeStd = 0.001317414469460289; SleepCycleTimeSum = 45.04030704498291; SubmitCycleTimeAvg = 0.00239570140838623; SubmitCycleTimeCount = 10.0; SubmitCycleTimeMax = 0.01442813873291016; SubmitCycleTimeMin = 3.814697265625E-06; SubmitCycleTimeStd = 0.00517317833789933; SubmitCycleTimeSum = 0.0239570140838623; ]
01/13/24 09:53:58 Wrote metrics file sentiment.dag.metrics.
01/13/24 09:53:58 DAGMan Runtime Statistics: [ EventCycleTimeAvg = 0.003130753835042318; EventCycleTimeCount = 9.0; EventCycleTimeMax = 0.01456403732299805; EventCycleTimeMin = 1.811981201171875E-05; EventCycleTimeStd = 0.005321175657765869; EventCycleTimeSum = 0.02817678451538086; LogProcessCycleTimeAvg = 0.0009823441505432129; LogProcessCycleTimeCount = 4.0; LogProcessCycleTimeMax = 0.002975940704345703; LogProcessCycleTimeMin = 0.0002541542053222656; LogProcessCycleTimeStd = 0.001331003592013109; LogProcessCycleTimeSum = 0.003929376602172852; SleepCycleTimeAvg = 5.004478560553657; SleepCycleTimeCount = 9.0; SleepCycleTimeMax = 5.005234956741333; SleepCycleTimeMin = 5.001200199127197; SleepCycleTimeStd = 0.001317414469460289; SleepCycleTimeSum = 45.04030704498291; SubmitCycleTimeAvg = 0.00239570140838623; SubmitCycleTimeCount = 10.0; SubmitCycleTimeMax = 0.01442813873291016; SubmitCycleTimeMin = 3.814697265625E-06; SubmitCycleTimeStd = 0.00517317833789933; SubmitCycleTimeSum = 0.0239570140838623; ]
01/13/24 09:53:58 **** condor_scheduniv_exec.73.0 (condor_DAGMAN) pid 1704 EXITING WITH STATUS 0
